 Simulation_Period = 20180101 -- 20181231
       Day                         AVG & STDDEV for VAR[1:n]
  20180101            0.003470            0.002533            0.000684            0.000638
  20180102            0.014857            0.003750            0.004408            0.001396
  20180103            0.028023            0.003807            0.009518            0.001516
  20180104            0.041335            0.003905            0.014849            0.001567
  20180105            0.055445            0.004269            0.020505            0.001709
  20180106            0.071225            0.004862            0.026821            0.001947
  20180107            0.089394            0.005644            0.034108            0.002267
  20180108            0.110567            0.006595            0.042638            0.002664
  20180109            0.135328            0.007714            0.052675            0.003136
  20180110            0.164262            0.009003            0.064478            0.003684
  20180111            0.197964            0.010464            0.078311            0.004307
  20180112            0.237026            0.012094            0.094431            0.005003
  20180113            0.282009            0.013878            0.113081            0.005766
  20180114            0.333412            0.015794            0.134477            0.006585
  20180115            0.391630            0.017802            0.158785            0.007443
  20180116            0.456896            0.019851            0.186102            0.008317
  20180117            0.529230            0.021869            0.216431            0.009176
  20180118            0.608382            0.023770            0.249656            0.009982
  20180119            0.693775            0.025455            0.285520            0.010692
  20180120            0.784481            0.026820            0.323615            0.011262
  20180121            0.879215            0.027766            0.363376            0.011648
  20180122            0.976380            0.028213            0.404106            0.011817
  20180123            1.074163            0.028120            0.445017            0.011751
  20180124            1.170682            0.027488            0.485294            0.011453
  20180125            1.264157            0.026375            0.524169            0.010947
  20180126            1.353083            0.024881            0.560997            0.010280
  20180127            1.436364            0.023137            0.595313            0.009506
  20180128            1.513372            0.021281            0.626855            0.008687
  20180129            1.583936            0.019435            0.655557            0.007875
  20180130            1.648264            0.017694            0.681518            0.007110
  20180131            1.706831            0.016117            0.704947            0.006417
  20180201            1.760264            0.014734            0.726117            0.005808
  20180202            1.809245            0.013548            0.745323            0.005283
  20180203            1.854439            0.012547            0.762848            0.004837
  20180204            1.896456            0.011711            0.778951            0.004461
  20180205            1.935825            0.011017            0.793856            0.004145
  20180206            1.972996            0.010440            0.807752            0.003878
  20180207            2.008343            0.009961            0.820795            0.003651
  20180208            2.042169            0.009561            0.833113            0.003458
  20180209            2.074723            0.009225            0.844809            0.003292
  20180210            2.106205            0.008941            0.855966            0.003147
  20180211            2.136778            0.008700            0.866653            0.003020
  20180212            2.166574            0.008492            0.876925            0.002907
  20180213            2.195700            0.008313            0.886828            0.002807
  20180214            2.224244            0.008156            0.896401            0.002716
  20180215            2.252281            0.008019            0.905673            0.002634
  20180216            2.279871            0.007898            0.914673            0.002559
  20180217            2.307064            0.007790            0.923422            0.002489
  20180218            2.333905            0.007694            0.931941            0.002425
  20180219            2.360430            0.007608            0.940245            0.002366
  20180220            2.386671            0.007530            0.948350            0.002310
  20180221            2.412655            0.007460            0.956270            0.002258
  20180222            2.438406            0.007396            0.964014            0.002210
  20180223            2.463946            0.007338            0.971595            0.002164
  20180224            2.489293            0.007284            0.979020            0.002120
  20180225            2.514464            0.007236            0.986299            0.002079
  20180226            2.539473            0.007191            0.993440            0.002040
  20180227            2.564334            0.007150            1.000448            0.002003
  20180228            2.589058            0.007112            1.007332            0.001968
  20180301            2.613657            0.007078            1.014096            0.001934
  20180302            2.638140            0.007046            1.020746            0.001902
  20180303            2.662516            0.007016            1.027288            0.001872
  20180304            2.686794            0.006989            1.033726            0.001842
  20180305            2.710980            0.006963            1.040064            0.001814
  20180306            2.735082            0.006940            1.046307            0.001787
  20180307            2.759105            0.006918            1.052459            0.001761
  20180308            2.783055            0.006898            1.058523            0.001737
  20180309            2.806938            0.006879            1.064503            0.001713
  20180310            2.830759            0.006862            1.070402            0.001690
  20180311            2.854521            0.006846            1.076223            0.001668
  20180312            2.878229            0.006830            1.081969            0.001647
  20180313            2.901886            0.006816            1.087642            0.001626
  20180314            2.925497            0.006803            1.093247            0.001607
  20180315            2.949063            0.006791            1.098784            0.001588
  20180316            2.972589            0.006780            1.104256            0.001569
  20180317            2.996076            0.006769            1.109666            0.001552
  20180318            3.019527            0.006759            1.115016            0.001534
  20180319            3.042945            0.006750            1.120308            0.001518
  20180320            3.066331            0.006741            1.125543            0.001502
  20180321            3.089687            0.006732            1.130723            0.001487
  20180322            3.113015            0.006724            1.135851            0.001472
  20180323            3.136316            0.006717            1.140929            0.001457
  20180324            3.159592            0.006710            1.145956            0.001443
  20180325            3.182844            0.006703            1.150937            0.001430
  20180326            3.206073            0.006697            1.155870            0.001417
  20180327            3.229281            0.006691            1.160759            0.001404
  20180328            3.252467            0.006685            1.165605            0.001391
  20180329            3.275634            0.006679            1.170409            0.001380
  20180330            3.298780            0.006673            1.175172            0.001368
  20180331            3.321908            0.006668            1.179895            0.001357
  20180401            3.345018            0.006663            1.184580            0.001346
  20180402            3.368110            0.006658            1.189227            0.001335
  20180403            3.391185            0.006653            1.193839            0.001325
  20180404            3.414242            0.006648            1.198415            0.001315
  20180405            3.437283            0.006643            1.202957            0.001305
  20180406            3.460307            0.006638            1.207466            0.001296
  20180407            3.483314            0.006633            1.211942            0.001287
  20180408            3.506305            0.006629            1.216388            0.001278
  20180409            3.529279            0.006624            1.220803            0.001269
  20180410            3.552237            0.006619            1.225188            0.001261
  20180411            3.575179            0.006615            1.229544            0.001252
  20180412            3.598104            0.006610            1.233872            0.001244
  20180413            3.621012            0.006605            1.238173            0.001237
  20180414            3.643904            0.006600            1.242448            0.001229
  20180415            3.666778            0.006595            1.246696            0.001222
  20180416            3.689635            0.006590            1.250919            0.001214
  20180417            3.712475            0.006585            1.255118            0.001207
  20180418            3.735297            0.006580            1.259292            0.001201
  20180419            3.758101            0.006575            1.263443            0.001194
  20180420            3.780887            0.006569            1.267572            0.001187
  20180421            3.803653            0.006564            1.271678            0.001181
  20180422            3.826401            0.006558            1.275762            0.001175
  20180423            3.849129            0.006553            1.279825            0.001169
  20180424            3.871838            0.006547            1.283867            0.001163
  20180425            3.894526            0.006541            1.287889            0.001157
  20180426            3.917194            0.006535            1.291891            0.001152
  20180427            3.939840            0.006529            1.295874            0.001146
  20180428            3.962465            0.006522            1.299838            0.001141
  20180429            3.985068            0.006516            1.303783            0.001135
  20180430            4.007649            0.006510            1.307710            0.001130
  20180501            4.030207            0.006503            1.311620            0.001125
  20180502            4.052741            0.006496            1.315512            0.001120
  20180503            4.075252            0.006489            1.319387            0.001115
  20180504            4.097738            0.006482            1.323245            0.001110
  20180505            4.120199            0.006475            1.327087            0.001106
  20180506            4.142635            0.006467            1.330912            0.001101
  20180507            4.165045            0.006460            1.334722            0.001097
  20180508            4.187429            0.006452            1.338517            0.001092
  20180509            4.209786            0.006444            1.342296            0.001088
  20180510            4.232116            0.006436            1.346061            0.001084
  20180511            4.254417            0.006428            1.349810            0.001079
  20180512            4.276691            0.006420            1.353546            0.001075
  20180513            4.298935            0.006412            1.357267            0.001071
  20180514            4.321150            0.006403            1.360974            0.001067
  20180515            4.343335            0.006394            1.364668            0.001063
  20180516            4.365490            0.006386            1.368348            0.001059
  20180517            4.387614            0.006377            1.372014            0.001056
  20180518            4.409706            0.006367            1.375668            0.001052
  20180519            4.431766            0.006358            1.379309            0.001048
  20180520            4.453794            0.006349            1.382936            0.001045
  20180521            4.475789            0.006339            1.386552            0.001041
  20180522            4.497750            0.006329            1.390155            0.001037
  20180523            4.519677            0.006319            1.393745            0.001034
  20180524            4.541570            0.006309            1.397324            0.001030
  20180525            4.563428            0.006299            1.400891            0.001027
  20180526            4.585250            0.006289            1.404446            0.001024
  20180527            4.607036            0.006278            1.407989            0.001020
  20180528            4.628786            0.006268            1.411520            0.001017
  20180529            4.650499            0.006257            1.415041            0.001014
  20180530            4.672174            0.006246            1.418550            0.001010
  20180531            4.693812            0.006235            1.422048            0.001007
  20180601            4.715411            0.006224            1.425534            0.001004
  20180602            4.736971            0.006213            1.429010            0.001001
  20180603            4.758492            0.006201            1.432475            0.000998
  20180604            4.779973            0.006190            1.435929            0.000995
  20180605            4.801414            0.006178            1.439373            0.000992
  20180606            4.822814            0.006166            1.442806            0.000989
  20180607            4.844173            0.006155            1.446228            0.000986
  20180608            4.865491            0.006142            1.449640            0.000983
  20180609            4.886767            0.006130            1.453042            0.000980
  20180610            4.908000            0.006118            1.456434            0.000977
  20180611            4.929190            0.006106            1.459815            0.000974
  20180612            4.950337            0.006093            1.463186            0.000971
  20180613            4.971440            0.006080            1.466547            0.000968
  20180614            4.992500            0.006068            1.469898            0.000965
  20180615            5.013515            0.006055            1.473239            0.000962
  20180616            5.034485            0.006042            1.476571            0.000959
  20180617            5.055409            0.006029            1.479892            0.000957
  20180618            5.076288            0.006015            1.483204            0.000954
  20180619            5.097121            0.006002            1.486506            0.000951
  20180620            5.117908            0.005989            1.489798            0.000948
  20180621            5.138648            0.005975            1.493081            0.000945
  20180622            5.159340            0.005961            1.496354            0.000943
  20180623            5.179985            0.005948            1.499617            0.000940
  20180624            5.200583            0.005934            1.502871            0.000937
  20180625            5.221132            0.005920            1.506116            0.000934
  20180626            5.241632            0.005906            1.509351            0.000932
  20180627            5.262084            0.005892            1.512577            0.000929
  20180628            5.282487            0.005877            1.515793            0.000926
  20180629            5.302840            0.005863            1.519000            0.000924
  20180630            5.323143            0.005849            1.522197            0.000921
  20180701            5.343396            0.005834            1.525386            0.000918
  20180702            5.363599            0.005820            1.528565            0.000916
  20180703            5.383751            0.005805            1.531734            0.000913
  20180704            5.403852            0.005790            1.534895            0.000910
  20180705            5.423901            0.005775            1.538046            0.000908
  20180706            5.443899            0.005760            1.541189            0.000905
  20180707            5.463846            0.005745            1.544322            0.000902
  20180708            5.483740            0.005730            1.547446            0.000900
  20180709            5.503581            0.005715            1.550560            0.000897
  20180710            5.523370            0.005700            1.553666            0.000894
  20180711            5.543107            0.005685            1.556763            0.000892
  20180712            5.562789            0.005669            1.559850            0.000889
  20180713            5.582419            0.005654            1.562929            0.000887
  20180714            5.601995            0.005638            1.565998            0.000884
  20180715            5.621517            0.005623            1.569058            0.000881
  20180716            5.640985            0.005607            1.572110            0.000879
  20180717            5.660399            0.005592            1.575152            0.000876
  20180718            5.679758            0.005576            1.578185            0.000874
  20180719            5.699063            0.005560            1.581210            0.000871
  20180720            5.718313            0.005544            1.584225            0.000868
  20180721            5.737508            0.005528            1.587232            0.000866
  20180722            5.756647            0.005512            1.590229            0.000863
  20180723            5.775731            0.005496            1.593218            0.000861
  20180724            5.794759            0.005480            1.596197            0.000858
  20180725            5.813732            0.005464            1.599168            0.000856
  20180726            5.832648            0.005448            1.602130            0.000853
  20180727            5.851509            0.005432            1.605083            0.000850
  20180728            5.870313            0.005415            1.608027            0.000848
  20180729            5.889060            0.005399            1.610962            0.000845
  20180730            5.907752            0.005383            1.613888            0.000843
  20180731            5.926386            0.005366            1.616806            0.000840
  20180801            5.944963            0.005350            1.619714            0.000838
  20180802            5.963484            0.005334            1.622614            0.000835
  20180803            5.981947            0.005317            1.625504            0.000832
  20180804            6.000354            0.005301            1.628386            0.000830
  20180805            6.018703            0.005284            1.631259            0.000827
  20180806            6.036994            0.005267            1.634124            0.000825
  20180807            6.055228            0.005251            1.636979            0.000822
  20180808            6.073404            0.005234            1.639826            0.000820
  20180809            6.091523            0.005217            1.642663            0.000817
  20180810            6.109583            0.005201            1.645492            0.000815
  20180811            6.127586            0.005184            1.648313            0.000812
  20180812            6.145531            0.005167            1.651124            0.000810
  20180813            6.163417            0.005151            1.653927            0.000807
  20180814            6.181246            0.005134            1.656720            0.000805
  20180815            6.199016            0.005117            1.659505            0.000802
  20180816            6.216728            0.005100            1.662282            0.000799
  20180817            6.234382            0.005083            1.665049            0.000797
  20180818            6.251977            0.005066            1.667808            0.000794
  20180819            6.269514            0.005050            1.670558            0.000792
  20180820            6.286992            0.005033            1.673299            0.000789
  20180821            6.304412            0.005016            1.676032            0.000787
  20180822            6.321774            0.004999            1.678756            0.000784
  20180823            6.339076            0.004982            1.681471            0.000782
  20180824            6.356320            0.004965            1.684177            0.000779
  20180825            6.373506            0.004948            1.686875            0.000777
  20180826            6.390633            0.004931            1.689564            0.000774
  20180827            6.407701            0.004914            1.692244            0.000772
  20180828            6.424710            0.004897            1.694916            0.000769
  20180829            6.441661            0.004881            1.697579            0.000767
  20180830            6.458553            0.004864            1.700233            0.000764
  20180831            6.475387            0.004847            1.702879            0.000762
  20180901            6.492161            0.004830            1.705516            0.000759
  20180902            6.508877            0.004813            1.708144            0.000757
  20180903            6.525535            0.004796            1.710764            0.000754
  20180904            6.542133            0.004779            1.713375            0.000752
  20180905            6.558673            0.004762            1.715978            0.000749
  20180906            6.575155            0.004745            1.718572            0.000747
  20180907            6.591578            0.004728            1.721157            0.000744
  20180908            6.607942            0.004711            1.723734            0.000742
  20180909            6.624248            0.004695            1.726303            0.000740
  20180910            6.640495            0.004678            1.728862            0.000737
  20180911            6.656684            0.004661            1.731414            0.000735
  20180912            6.672814            0.004644            1.733956            0.000732
  20180913            6.688886            0.004627            1.736490            0.000730
  20180914            6.704900            0.004610            1.739016            0.000727
  20180915            6.720855            0.004594            1.741533            0.000725
  20180916            6.736753            0.004577            1.744042            0.000722
  20180917            6.752592            0.004560            1.746542            0.000720
  20180918            6.768373            0.004543            1.749034            0.000717
  20180919            6.784095            0.004527            1.751517            0.000715
  20180920            6.799760            0.004510            1.753992            0.000713
  20180921            6.815368            0.004493            1.756458            0.000710
  20180922            6.830917            0.004476            1.758916            0.000708
  20180923            6.846408            0.004460            1.761366            0.000705
  20180924            6.861842            0.004443            1.763807            0.000703
  20180925            6.877218            0.004427            1.766240            0.000701
  20180926            6.892537            0.004410            1.768665            0.000698
  20180927            6.907798            0.004393            1.771081            0.000696
  20180928            6.923002            0.004377            1.773489            0.000693
  20180929            6.938149            0.004360            1.775888            0.000691
  20180930            6.953238            0.004344            1.778280            0.000689
  20181001            6.968270            0.004327            1.780663            0.000686
  20181002            6.983246            0.004311            1.783037            0.000684
  20181003            6.998164            0.004295            1.785404            0.000681
  20181004            7.013026            0.004278            1.787762            0.000679
  20181005            7.027831            0.004262            1.790112            0.000677
  20181006            7.042580            0.004246            1.792454            0.000674
  20181007            7.057272            0.004229            1.794788            0.000672
  20181008            7.071907            0.004213            1.797113            0.000670
  20181009            7.086487            0.004197            1.799430            0.000667
  20181010            7.101010            0.004181            1.801740            0.000665
  20181011            7.115478            0.004165            1.804041            0.000663
  20181012            7.129889            0.004149            1.806334            0.000660
  20181013            7.144245            0.004132            1.808618            0.000658
  20181014            7.158545            0.004116            1.810895            0.000656
  20181015            7.172789            0.004100            1.813164            0.000653
  20181016            7.186978            0.004084            1.815425            0.000651
  20181017            7.201112            0.004069            1.817677            0.000649
  20181018            7.215190            0.004053            1.819922            0.000646
  20181019            7.229214            0.004037            1.822159            0.000644
  20181020            7.243182            0.004021            1.824388            0.000642
  20181021            7.257096            0.004005            1.826609            0.000639
  20181022            7.270955            0.003989            1.828821            0.000637
  20181023            7.284760            0.003974            1.831026            0.000635
  20181024            7.298510            0.003958            1.833224            0.000633
  20181025            7.312207            0.003942            1.835413            0.000630
  20181026            7.325849            0.003927            1.837594            0.000628
  20181027            7.339437            0.003911            1.839768            0.000626
  20181028            7.352971            0.003896            1.841933            0.000624
  20181029            7.366452            0.003880            1.844091            0.000621
  20181030            7.379879            0.003865            1.846242            0.000619
  20181031            7.393252            0.003850            1.848384            0.000617
  20181101            7.406573            0.003834            1.850519            0.000615
  20181102            7.419840            0.003819            1.852646            0.000612
  20181103            7.433055            0.003804            1.854765            0.000610
  20181104            7.446216            0.003789            1.856876            0.000608
  20181105            7.459325            0.003773            1.858980            0.000606
  20181106            7.472382            0.003758            1.861077            0.000604
  20181107            7.485386            0.003743            1.863165            0.000601
  20181108            7.498338            0.003728            1.865247            0.000599
  20181109            7.511238            0.003713            1.867320            0.000597
  20181110            7.524086            0.003698            1.869386            0.000595
  20181111            7.536883            0.003683            1.871445            0.000593
  20181112            7.549628            0.003669            1.873496            0.000590
  20181113            7.562321            0.003654            1.875539            0.000588
  20181114            7.574963            0.003639            1.877575            0.000586
  20181115            7.587555            0.003624            1.879604            0.000584
  20181116            7.600095            0.003610            1.881625            0.000582
  20181117            7.612584            0.003595            1.883638            0.000580
  20181118            7.625023            0.003580            1.885645            0.000578
  20181119            7.637412            0.003566            1.887644            0.000575
  20181120            7.649750            0.003551            1.889635            0.000573
  20181121            7.662038            0.003537            1.891620            0.000571
  20181122            7.674276            0.003523            1.893597            0.000569
  20181123            7.686465            0.003508            1.895567            0.000567
  20181124            7.698604            0.003494            1.897529            0.000565
  20181125            7.710693            0.003480            1.899484            0.000563
  20181126            7.722733            0.003466            1.901432            0.000561
  20181127            7.734724            0.003451            1.903373            0.000559
  20181128            7.746666            0.003437            1.905307            0.000557
  20181129            7.758559            0.003423            1.907234            0.000555
  20181130            7.770404            0.003409            1.909153            0.000553
  20181201            7.782200            0.003395            1.911065            0.000551
  20181202            7.793948            0.003381            1.912971            0.000549
  20181203            7.805648            0.003368            1.914869            0.000546
  20181204            7.817299            0.003354            1.916760            0.000544
  20181205            7.828903            0.003340            1.918644            0.000542
  20181206            7.840460            0.003326            1.920521            0.000540
  20181207            7.851969            0.003313            1.922392            0.000538
  20181208            7.863431            0.003299            1.924255            0.000536
  20181209            7.874845            0.003285            1.926111            0.000534
  20181210            7.886213            0.003272            1.927961            0.000532
  20181211            7.897534            0.003259            1.929804            0.000530
  20181212            7.908809            0.003245            1.931639            0.000528
  20181213            7.920037            0.003232            1.933468            0.000527
  20181214            7.931218            0.003218            1.935290            0.000525
  20181215            7.942354            0.003205            1.937106            0.000523
  20181216            7.953444            0.003192            1.938914            0.000521
  20181217            7.964488            0.003179            1.940716            0.000519
  20181218            7.975486            0.003166            1.942511            0.000517
  20181219            7.986440            0.003153            1.944300            0.000515
  20181220            7.997347            0.003140            1.946081            0.000513
  20181221            8.008210            0.003127            1.947857            0.000511
  20181222            8.019028            0.003114            1.949625            0.000509
  20181223            8.029802            0.003101            1.951387            0.000507
  20181224            8.040531            0.003088            1.953142            0.000505
  20181225            8.051215            0.003075            1.954891            0.000503
  20181226            8.061855            0.003063            1.956633            0.000502
  20181227            8.072451            0.003050            1.958369            0.000500
  20181228            8.083004            0.003037            1.960098            0.000498
  20181229            8.093513            0.003025            1.961821            0.000496
  20181230            8.103978            0.003012            1.963537            0.000494
  20181231            8.114400            0.003000            1.965247            0.000492
