          SHUFFLED COMPLEX EVOLUTION GLOBAL OPTIMIZATION
          ==============================================


  SCE CONTROL     MAX TRIALS     REQUIRED IMPROVEMENT     RANDOM
   PARAMETER        ALLOWED      PERCENT    NO. LOOPS      SEED
  -----------     ----------     -------    ---------     ------
   USER SPEC.       10000          0.0         10             0


                  SCE ALGORITHM CONTROL PARAMETERS
                  ================================

  NUMBER OF     POINTS PER     POINTS IN      POINTS PER    EVOL. STEPS
  COMPLEXES      COMPLEX      INI. POPUL.     SUB-COMPLX    PER COMPLEX
  ---------     ----------    -----------     ----------    -----------
      2             13             26              7             13


               COMPLX NO.     MIN COMPLEX     INI. POINT
               REDUCTION      NO. ALLOWED      INCLUDED
               ----------     -----------     ----------
                  NO               2             NO  


        INITIAL PARAMETER VALUES AND PARAMETER BOUNDS
        =============================================

  PARAMETER     INITIAL VALUE     LOWER BOUND     UPPER BOUND      OPT-Y/N
  ---------     -------------     -----------     -----------     -----------
       LF0           0.300000        0.100000        1.000000              0
        r0           0.010000        0.010000        1.000000              0
       VP1          75.000000       10.000000      100.000000              0
       VP2          75.000000       20.000000      100.000000              0
        VM          75.000000        1.000000      100.000000              0
       KP1         100.000000       40.000000      100.000000              0
       KP2           6.000000        1.000000       40.000000              0
        KM         492.000000      100.000000     1000.000000              0
      Qmax           2.500000        0.500000        5.000000              0
       Kba           6.000000        1.000000       16.000000              0
      Kdes           0.006000        0.000100        0.010000              0
        rE           0.010000        0.000100        0.010000              0
       pEP           0.013140        0.000100        0.050000              1
      fpEM           1.000000        0.250000        2.000000              1
        fD           0.500000        0.100000        1.000000              1
        gD           0.500000        0.010000        1.000000              1
        Vg           0.049998        0.001000        0.050000              1
     alpha           0.133164        0.010000        0.500000              1
        KD           0.499956        0.010000        0.500000              1
        Yg           0.281914        0.200000        0.600000              1
      Ygsl           0.010000        0.001000        0.016000              0
      wdie           1.200000        0.500000        4.000000              0
     gamma           1.000000        0.100000       20.000000              0
      beta           0.001000        0.000500        0.050000              0
     WPA2D           0.400000        0.200000        0.600000              0
       tau           0.250000        0.100000        0.950000              0
     wdorm           4.000000        0.500000        6.000000              0
