 Simulation_Period = 20180101 -- 20181231
       Day                         AVG & STDDEV for VAR[1:n]
  20180101            0.003421            0.002483            0.000673            0.000626
  20180102            0.014327            0.003514            0.004253            0.001320
  20180103            0.026372            0.003403            0.008993            0.001381
  20180104            0.038056            0.003371            0.013780            0.001390
  20180105            0.050083            0.003598            0.018746            0.001488
  20180106            0.063251            0.004021            0.024201            0.001669
  20180107            0.078140            0.004586            0.030398            0.001914
  20180108            0.095198            0.005270            0.037545            0.002216
  20180109            0.114822            0.006067            0.045832            0.002572
  20180110            0.137403            0.006976            0.055443            0.002981
  20180111            0.163334            0.007999            0.066564            0.003443
  20180112            0.193007            0.009136            0.079380            0.003958
  20180113            0.226811            0.010381            0.094071            0.004524
  20180114            0.265108            0.011726            0.110806            0.005136
  20180115            0.308220            0.013155            0.129732            0.005787
  20180116            0.356400            0.014646            0.150968            0.006466
  20180117            0.409811            0.016168            0.174585            0.007159
  20180118            0.468494            0.017681            0.200602            0.007847
  20180119            0.532337            0.019137            0.228964            0.008509
  20180120            0.601049            0.020482            0.259533            0.009117
  20180121            0.674139            0.021654            0.292082            0.009646
  20180122            0.750907            0.022595            0.326283            0.010067
  20180123            0.830452            0.023249            0.361720            0.010355
  20180124            0.911702            0.023574            0.397896            0.010491
  20180125            0.993466            0.023544            0.434262            0.010464
  20180126            1.074509            0.023160            0.470249            0.010274
  20180127            1.153642            0.022448            0.505312            0.009934
  20180128            1.229809            0.021457            0.538968            0.009466
  20180129            1.302162            0.020258            0.570832            0.008904
  20180130            1.370110            0.018927            0.600636            0.008283
  20180131            1.433329            0.017541            0.628238            0.007639
  20180201            1.491750            0.016167            0.653610            0.007001
  20180202            1.545510            0.014858            0.676821            0.006394
  20180203            1.594900            0.013649            0.698006            0.005834
  20180204            1.640304            0.012560            0.717342            0.005329
  20180205            1.682151            0.011597            0.735028            0.004881
  20180206            1.720872            0.010757            0.751259            0.004490
  20180207            1.756882            0.010031            0.766225            0.004150
  20180208            1.790555            0.009407            0.780094            0.003856
  20180209            1.822223            0.008872            0.793016            0.003603
  20180210            1.852174            0.008415            0.805120            0.003384
  20180211            1.880653            0.008022            0.816516            0.003194
  20180212            1.907867            0.007684            0.827297            0.003028
  20180213            1.933990            0.007391            0.837541            0.002883
  20180214            1.959169            0.007138            0.847311            0.002755
  20180215            1.983525            0.006916            0.856664            0.002642
  20180216            2.007160            0.006721            0.865645            0.002540
  20180217            2.030161            0.006550            0.874292            0.002449
  20180218            2.052600            0.006397            0.882638            0.002367
  20180219            2.074540            0.006261            0.890711            0.002291
  20180220            2.096032            0.006139            0.898536            0.002223
  20180221            2.117122            0.006029            0.906132            0.002160
  20180222            2.137850            0.005929            0.913517            0.002101
  20180223            2.158248            0.005839            0.920708            0.002047
  20180224            2.178346            0.005756            0.927718            0.001997
  20180225            2.198171            0.005681            0.934559            0.001950
  20180226            2.217744            0.005611            0.941242            0.001906
  20180227            2.237087            0.005547            0.947777            0.001864
  20180228            2.256218            0.005489            0.954172            0.001825
  20180301            2.275152            0.005434            0.960436            0.001788
  20180302            2.293905            0.005384            0.966575            0.001753
  20180303            2.312489            0.005337            0.972596            0.001720
  20180304            2.330916            0.005293            0.978506            0.001689
  20180305            2.349198            0.005253            0.984308            0.001659
  20180306            2.367344            0.005215            0.990010            0.001630
  20180307            2.385362            0.005180            0.995614            0.001603
  20180308            2.403263            0.005146            1.001127            0.001577
  20180309            2.421052            0.005116            1.006550            0.001552
  20180310            2.438737            0.005086            1.011889            0.001528
  20180311            2.456325            0.005059            1.017147            0.001505
  20180312            2.473821            0.005034            1.022327            0.001483
  20180313            2.491231            0.005009            1.027432            0.001462
  20180314            2.508559            0.004987            1.032465            0.001442
  20180315            2.525812            0.004965            1.037429            0.001422
  20180316            2.542992            0.004945            1.042326            0.001403
  20180317            2.560105            0.004926            1.047159            0.001385
  20180318            2.577153            0.004908            1.051930            0.001367
  20180319            2.594140            0.004891            1.056640            0.001350
  20180320            2.611070            0.004875            1.061293            0.001334
  20180321            2.627945            0.004860            1.065890            0.001318
  20180322            2.644769            0.004845            1.070433            0.001303
  20180323            2.661544            0.004831            1.074923            0.001288
  20180324            2.678271            0.004818            1.079363            0.001273
  20180325            2.694955            0.004806            1.083753            0.001259
  20180326            2.711596            0.004794            1.088096            0.001246
  20180327            2.728196            0.004782            1.092393            0.001233
  20180328            2.744758            0.004771            1.096645            0.001220
  20180329            2.761283            0.004761            1.100853            0.001208
  20180330            2.777773            0.004751            1.105019            0.001196
  20180331            2.794228            0.004741            1.109144            0.001184
  20180401            2.810651            0.004732            1.113229            0.001173
  20180402            2.827043            0.004723            1.117275            0.001162
  20180403            2.843404            0.004715            1.121284            0.001151
  20180404            2.859736            0.004706            1.125255            0.001140
  20180405            2.876040            0.004699            1.129191            0.001130
  20180406            2.892317            0.004691            1.133093            0.001120
  20180407            2.908568            0.004683            1.136960            0.001111
  20180408            2.924792            0.004676            1.140794            0.001101
  20180409            2.940992            0.004669            1.144597            0.001092
  20180410            2.957168            0.004662            1.148367            0.001083
  20180411            2.973320            0.004655            1.152108            0.001074
  20180412            2.989448            0.004649            1.155818            0.001066
  20180413            3.005555            0.004642            1.159499            0.001058
  20180414            3.021639            0.004636            1.163152            0.001050
  20180415            3.037701            0.004630            1.166778            0.001042
  20180416            3.053742            0.004624            1.170376            0.001034
  20180417            3.069762            0.004618            1.173948            0.001026
  20180418            3.085762            0.004612            1.177494            0.001019
  20180419            3.101741            0.004606            1.181015            0.001012
  20180420            3.117700            0.004600            1.184511            0.001005
  20180421            3.133639            0.004594            1.187983            0.000998
  20180422            3.149558            0.004589            1.191432            0.000991
  20180423            3.165458            0.004583            1.194858            0.000985
  20180424            3.181339            0.004578            1.198261            0.000978
  20180425            3.197200            0.004572            1.201642            0.000972
  20180426            3.213042            0.004567            1.205002            0.000966
  20180427            3.228866            0.004561            1.208341            0.000960
  20180428            3.244670            0.004556            1.211659            0.000954
  20180429            3.260455            0.004550            1.214957            0.000948
  20180430            3.276222            0.004545            1.218235            0.000943
  20180501            3.291970            0.004539            1.221494            0.000937
  20180502            3.307699            0.004534            1.224734            0.000932
  20180503            3.323409            0.004528            1.227955            0.000926
  20180504            3.339100            0.004523            1.231158            0.000921
  20180505            3.354773            0.004518            1.234343            0.000916
  20180506            3.370426            0.004512            1.237511            0.000911
  20180507            3.386061            0.004507            1.240662            0.000906
  20180508            3.401677            0.004501            1.243796            0.000902
  20180509            3.417274            0.004496            1.246914            0.000897
  20180510            3.432851            0.004490            1.250015            0.000892
  20180511            3.448410            0.004485            1.253101            0.000888
  20180512            3.463949            0.004479            1.256171            0.000883
  20180513            3.479470            0.004474            1.259225            0.000879
  20180514            3.494970            0.004468            1.262265            0.000875
  20180515            3.510452            0.004462            1.265290            0.000870
  20180516            3.525913            0.004457            1.268301            0.000866
  20180517            3.541355            0.004451            1.271297            0.000862
  20180518            3.556777            0.004445            1.274280            0.000858
  20180519            3.572180            0.004440            1.277249            0.000854
  20180520            3.587562            0.004434            1.280204            0.000850
  20180521            3.602924            0.004428            1.283146            0.000847
  20180522            3.618266            0.004422            1.286075            0.000843
  20180523            3.633587            0.004416            1.288991            0.000839
  20180524            3.648888            0.004410            1.291895            0.000836
  20180525            3.664169            0.004404            1.294786            0.000832
  20180526            3.679428            0.004398            1.297666            0.000829
  20180527            3.694667            0.004392            1.300533            0.000825
  20180528            3.709885            0.004386            1.303388            0.000822
  20180529            3.725081            0.004380            1.306232            0.000819
  20180530            3.740256            0.004374            1.309064            0.000815
  20180531            3.755410            0.004368            1.311885            0.000812
  20180601            3.770542            0.004361            1.314695            0.000809
  20180602            3.785653            0.004355            1.317494            0.000806
  20180603            3.800741            0.004349            1.320282            0.000803
  20180604            3.815808            0.004342            1.323060            0.000800
  20180605            3.830853            0.004336            1.325827            0.000797
  20180606            3.845875            0.004330            1.328583            0.000794
  20180607            3.860875            0.004323            1.331330            0.000791
  20180608            3.875852            0.004317            1.334066            0.000788
  20180609            3.890806            0.004310            1.336793            0.000785
  20180610            3.905738            0.004303            1.339510            0.000782
  20180611            3.920647            0.004297            1.342217            0.000779
  20180612            3.935533            0.004290            1.344914            0.000777
  20180613            3.950395            0.004283            1.347603            0.000774
  20180614            3.965234            0.004277            1.350281            0.000771
  20180615            3.980050            0.004270            1.352951            0.000769
  20180616            3.994842            0.004263            1.355612            0.000766
  20180617            4.009610            0.004256            1.358263            0.000763
  20180618            4.024354            0.004249            1.360906            0.000761
  20180619            4.039074            0.004242            1.363540            0.000758
  20180620            4.053770            0.004235            1.366165            0.000756
  20180621            4.068442            0.004228            1.368782            0.000753
  20180622            4.083089            0.004221            1.371390            0.000751
  20180623            4.097712            0.004214            1.373990            0.000749
  20180624            4.112310            0.004207            1.376581            0.000746
  20180625            4.126883            0.004200            1.379164            0.000744
  20180626            4.141431            0.004192            1.381739            0.000742
  20180627            4.155954            0.004185            1.384307            0.000739
  20180628            4.170452            0.004178            1.386866            0.000737
  20180629            4.184924            0.004171            1.389417            0.000735
  20180630            4.199371            0.004163            1.391960            0.000732
  20180701            4.213793            0.004156            1.394496            0.000730
  20180702            4.228188            0.004148            1.397024            0.000728
  20180703            4.242558            0.004141            1.399544            0.000726
  20180704            4.256902            0.004133            1.402057            0.000724
  20180705            4.271220            0.004126            1.404562            0.000722
  20180706            4.285512            0.004118            1.407060            0.000719
  20180707            4.299778            0.004111            1.409550            0.000717
  20180708            4.314017            0.004103            1.412034            0.000715
  20180709            4.328229            0.004095            1.414510            0.000713
  20180710            4.342415            0.004088            1.416978            0.000711
  20180711            4.356575            0.004080            1.419440            0.000709
  20180712            4.370707            0.004072            1.421895            0.000707
  20180713            4.384813            0.004065            1.424342            0.000705
  20180714            4.398891            0.004057            1.426783            0.000703
  20180715            4.412943            0.004049            1.429216            0.000701
  20180716            4.426967            0.004041            1.431643            0.000699
  20180717            4.440964            0.004033            1.434063            0.000697
  20180718            4.454934            0.004025            1.436476            0.000695
  20180719            4.468876            0.004017            1.438883            0.000693
  20180720            4.482790            0.004009            1.441282            0.000691
  20180721            4.496677            0.004001            1.443675            0.000689
  20180722            4.510536            0.003993            1.446062            0.000687
  20180723            4.524367            0.003985            1.448442            0.000685
  20180724            4.538170            0.003977            1.450815            0.000684
  20180725            4.551945            0.003969            1.453182            0.000682
  20180726            4.565692            0.003961            1.455542            0.000680
  20180727            4.579410            0.003953            1.457896            0.000678
  20180728            4.593101            0.003945            1.460244            0.000676
  20180729            4.606763            0.003936            1.462585            0.000674
  20180730            4.620396            0.003928            1.464920            0.000673
  20180731            4.634001            0.003920            1.467248            0.000671
  20180801            4.647578            0.003912            1.469571            0.000669
  20180802            4.661125            0.003903            1.471887            0.000667
  20180803            4.674644            0.003895            1.474197            0.000665
  20180804            4.688134            0.003887            1.476500            0.000664
  20180805            4.701595            0.003878            1.478798            0.000662
  20180806            4.715028            0.003870            1.481089            0.000660
  20180807            4.728431            0.003862            1.483375            0.000658
  20180808            4.741805            0.003853            1.485654            0.000657
  20180809            4.755150            0.003845            1.487927            0.000655
  20180810            4.768465            0.003836            1.490195            0.000653
  20180811            4.781752            0.003828            1.492456            0.000651
  20180812            4.795009            0.003819            1.494711            0.000650
  20180813            4.808236            0.003811            1.496961            0.000648
  20180814            4.821434            0.003802            1.499204            0.000646
  20180815            4.834603            0.003794            1.501442            0.000645
  20180816            4.847742            0.003785            1.503673            0.000643
  20180817            4.860851            0.003777            1.505899            0.000641
  20180818            4.873931            0.003768            1.508119            0.000639
  20180819            4.886981            0.003760            1.510333            0.000638
  20180820            4.900001            0.003751            1.512542            0.000636
  20180821            4.912991            0.003742            1.514744            0.000634
  20180822            4.925951            0.003734            1.516941            0.000633
  20180823            4.938882            0.003725            1.519132            0.000631
  20180824            4.951782            0.003716            1.521318            0.000630
  20180825            4.964653            0.003708            1.523498            0.000628
  20180826            4.977493            0.003699            1.525672            0.000626
  20180827            4.990304            0.003690            1.527840            0.000625
  20180828            5.003084            0.003682            1.530003            0.000623
  20180829            5.015834            0.003673            1.532160            0.000621
  20180830            5.028554            0.003664            1.534311            0.000620
  20180831            5.041243            0.003656            1.536457            0.000618
  20180901            5.053902            0.003647            1.538598            0.000617
  20180902            5.066531            0.003638            1.540732            0.000615
  20180903            5.079130            0.003629            1.542862            0.000613
  20180904            5.091698            0.003621            1.544985            0.000612
  20180905            5.104236            0.003612            1.547103            0.000610
  20180906            5.116744            0.003603            1.549216            0.000609
  20180907            5.129221            0.003594            1.551323            0.000607
  20180908            5.141667            0.003585            1.553425            0.000605
  20180909            5.154083            0.003577            1.555521            0.000604
  20180910            5.166469            0.003568            1.557612            0.000602
  20180911            5.178824            0.003559            1.559697            0.000601
  20180912            5.191148            0.003550            1.561777            0.000599
  20180913            5.203442            0.003541            1.563851            0.000598
  20180914            5.215705            0.003533            1.565920            0.000596
  20180915            5.227938            0.003524            1.567984            0.000594
  20180916            5.240140            0.003515            1.570042            0.000593
  20180917            5.252312            0.003506            1.572095            0.000591
  20180918            5.264452            0.003497            1.574143            0.000590
  20180919            5.276562            0.003488            1.576185            0.000588
  20180920            5.288642            0.003480            1.578222            0.000587
  20180921            5.300691            0.003471            1.580253            0.000585
  20180922            5.312709            0.003462            1.582280            0.000584
  20180923            5.324696            0.003453            1.584300            0.000582
  20180924            5.336653            0.003444            1.586316            0.000581
  20180925            5.348579            0.003435            1.588326            0.000579
  20180926            5.360474            0.003426            1.590332            0.000578
  20180927            5.372338            0.003418            1.592331            0.000576
  20180928            5.384172            0.003409            1.594326            0.000575
  20180929            5.395975            0.003400            1.596315            0.000573
  20180930            5.407748            0.003391            1.598299            0.000572
  20181001            5.419489            0.003382            1.600278            0.000570
  20181002            5.431200            0.003373            1.602252            0.000569
  20181003            5.442880            0.003364            1.604220            0.000567
  20181004            5.454530            0.003356            1.606184            0.000566
  20181005            5.466149            0.003347            1.608142            0.000564
  20181006            5.477737            0.003338            1.610095            0.000563
  20181007            5.489294            0.003329            1.612042            0.000561
  20181008            5.500821            0.003320            1.613985            0.000560
  20181009            5.512317            0.003311            1.615922            0.000558
  20181010            5.523782            0.003302            1.617855            0.000557
  20181011            5.535217            0.003294            1.619782            0.000555
  20181012            5.546621            0.003285            1.621704            0.000554
  20181013            5.557994            0.003276            1.623621            0.000552
  20181014            5.569337            0.003267            1.625533            0.000551
  20181015            5.580649            0.003258            1.627440            0.000549
  20181016            5.591931            0.003249            1.629342            0.000548
  20181017            5.603182            0.003241            1.631238            0.000546
  20181018            5.614403            0.003232            1.633130            0.000545
  20181019            5.625592            0.003223            1.635017            0.000543
  20181020            5.636752            0.003214            1.636898            0.000542
  20181021            5.647881            0.003205            1.638775            0.000541
  20181022            5.658979            0.003197            1.640646            0.000539
  20181023            5.670047            0.003188            1.642512            0.000538
  20181024            5.681085            0.003179            1.644374            0.000536
  20181025            5.692092            0.003170            1.646230            0.000535
  20181026            5.703069            0.003162            1.648082            0.000533
  20181027            5.714015            0.003153            1.649928            0.000532
  20181028            5.724931            0.003144            1.651770            0.000530
  20181029            5.735817            0.003135            1.653606            0.000529
  20181030            5.746672            0.003127            1.655438            0.000528
  20181031            5.757497            0.003118            1.657265            0.000526
  20181101            5.768292            0.003109            1.659086            0.000525
  20181102            5.779057            0.003100            1.660903            0.000523
  20181103            5.789791            0.003092            1.662715            0.000522
  20181104            5.800496            0.003083            1.664522            0.000520
  20181105            5.811170            0.003074            1.666324            0.000519
  20181106            5.821814            0.003066            1.668121            0.000518
  20181107            5.832428            0.003057            1.669913            0.000516
  20181108            5.843012            0.003048            1.671701            0.000515
  20181109            5.853566            0.003040            1.673483            0.000513
  20181110            5.864090            0.003031            1.675261            0.000512
  20181111            5.874584            0.003022            1.677034            0.000511
  20181112            5.885049            0.003014            1.678802            0.000509
  20181113            5.895483            0.003005            1.680565            0.000508
  20181114            5.905888            0.002997            1.682323            0.000506
  20181115            5.916263            0.002988            1.684077            0.000505
  20181116            5.926608            0.002979            1.685826            0.000504
  20181117            5.936923            0.002971            1.687570            0.000502
  20181118            5.947209            0.002962            1.689309            0.000501
  20181119            5.957465            0.002954            1.691043            0.000500
  20181120            5.967691            0.002945            1.692773            0.000498
  20181121            5.977888            0.002937            1.694497            0.000497
  20181122            5.988055            0.002928            1.696217            0.000495
  20181123            5.998193            0.002920            1.697933            0.000494
  20181124            6.008302            0.002911            1.699643            0.000493
  20181125            6.018381            0.002903            1.701349            0.000491
  20181126            6.028431            0.002894            1.703050            0.000490
  20181127            6.038451            0.002886            1.704747            0.000489
  20181128            6.048442            0.002877            1.706438            0.000487
  20181129            6.058404            0.002869            1.708125            0.000486
  20181130            6.068337            0.002861            1.709808            0.000485
  20181201            6.078241            0.002852            1.711485            0.000483
  20181202            6.088115            0.002844            1.713158            0.000482
  20181203            6.097961            0.002836            1.714827            0.000481
  20181204            6.107778            0.002827            1.716490            0.000479
  20181205            6.117565            0.002819            1.718149            0.000478
  20181206            6.127324            0.002811            1.719804            0.000477
  20181207            6.137054            0.002802            1.721454            0.000475
  20181208            6.146755            0.002794            1.723099            0.000474
  20181209            6.156428            0.002786            1.724739            0.000473
  20181210            6.166071            0.002777            1.726375            0.000471
  20181211            6.175686            0.002769            1.728007            0.000470
  20181212            6.185273            0.002761            1.729634            0.000469
  20181213            6.194831            0.002753            1.731256            0.000467
  20181214            6.204360            0.002744            1.732873            0.000466
  20181215            6.213861            0.002736            1.734487            0.000465
  20181216            6.223334            0.002728            1.736095            0.000463
  20181217            6.232778            0.002720            1.737699            0.000462
  20181218            6.242194            0.002712            1.739299            0.000461
  20181219            6.251582            0.002704            1.740894            0.000459
  20181220            6.260941            0.002695            1.742484            0.000458
  20181221            6.270273            0.002687            1.744070            0.000457
  20181222            6.279576            0.002679            1.745652            0.000456
  20181223            6.288851            0.002671            1.747229            0.000454
  20181224            6.298099            0.002663            1.748801            0.000453
  20181225            6.307318            0.002655            1.750370            0.000452
  20181226            6.316510            0.002647            1.751933            0.000450
  20181227            6.325673            0.002639            1.753492            0.000449
  20181228            6.334809            0.002631            1.755047            0.000448
  20181229            6.343918            0.002623            1.756598            0.000447
  20181230            6.352998            0.002615            1.758143            0.000445
  20181231            6.362052            0.002607            1.759685            0.000444
