 Simulation_Period = 20180101 -- 20181231
       Day                         AVG & STDDEV for VAR[1:n]
  20180101            0.001253            0.000817
  20180102            0.004652            0.001089
  20180103            0.008556            0.001156
  20180104            0.012664            0.001218
  20180105            0.017041            0.001311
  20180106            0.021795            0.001435
  20180107            0.027031            0.001589
  20180108            0.032846            0.001770
  20180109            0.039339            0.001980
  20180110            0.046614            0.002221
  20180111            0.054777            0.002493
  20180112            0.063938            0.002797
  20180113            0.074215            0.003136
  20180114            0.085722            0.003508
  20180115            0.098580            0.003914
  20180116            0.112903            0.004353
  20180117            0.128803            0.004823
  20180118            0.146382            0.005321
  20180119            0.165728            0.005842
  20180120            0.186911            0.006380
  20180121            0.209980            0.006928
  20180122            0.234952            0.007477
  20180123            0.261814            0.008017
  20180124            0.290513            0.008536
  20180125            0.320958            0.009022
  20180126            0.353015            0.009464
  20180127            0.386509            0.009849
  20180128            0.421225            0.010168
  20180129            0.456917            0.010411
  20180130            0.493312            0.010572
  20180131            0.530121            0.010650
  20180201            0.567052            0.010643
  20180202            0.603819            0.010556
  20180203            0.640154            0.010395
  20180204            0.675818            0.010170
  20180205            0.710608            0.009892
  20180206            0.744362            0.009574
  20180207            0.776960            0.009228
  20180208            0.808327            0.008865
  20180209            0.838422            0.008496
  20180210            0.867242            0.008130
  20180211            0.894809            0.007774
  20180212            0.921167            0.007433
  20180213            0.946375            0.007111
  20180214            0.970504            0.006810
  20180215            0.993627            0.006532
  20180216            1.015823            0.006275
  20180217            1.037166            0.006040
  20180218            1.057731            0.005826
  20180219            1.077586            0.005630
  20180220            1.096796            0.005453
  20180221            1.115419            0.005292
  20180222            1.133511            0.005146
  20180223            1.151119            0.005013
  20180224            1.168289            0.004893
  20180225            1.185060            0.004783
  20180226            1.201467            0.004683
  20180227            1.217544            0.004592
  20180228            1.233320            0.004509
  20180301            1.248819            0.004433
  20180302            1.264065            0.004363
  20180303            1.279080            0.004299
  20180304            1.293883            0.004240
  20180305            1.308491            0.004186
  20180306            1.322918            0.004137
  20180307            1.337180            0.004091
  20180308            1.351290            0.004049
  20180309            1.365258            0.004010
  20180310            1.379097            0.003973
  20180311            1.392814            0.003940
  20180312            1.406421            0.003909
  20180313            1.419924            0.003880
  20180314            1.433331            0.003854
  20180315            1.446650            0.003829
  20180316            1.459887            0.003807
  20180317            1.473048            0.003785
  20180318            1.486138            0.003766
  20180319            1.499162            0.003748
  20180320            1.512127            0.003731
  20180321            1.525034            0.003715
  20180322            1.537890            0.003701
  20180323            1.550698            0.003687
  20180324            1.563461            0.003675
  20180325            1.576182            0.003664
  20180326            1.588865            0.003653
  20180327            1.601513            0.003643
  20180328            1.614128            0.003634
  20180329            1.626713            0.003626
  20180330            1.639271            0.003618
  20180331            1.651802            0.003611
  20180401            1.664311            0.003604
  20180402            1.676797            0.003598
  20180403            1.689264            0.003593
  20180404            1.701712            0.003588
  20180405            1.714144            0.003583
  20180406            1.726561            0.003579
  20180407            1.738964            0.003575
  20180408            1.751354            0.003572
  20180409            1.763733            0.003569
  20180410            1.776102            0.003566
  20180411            1.788462            0.003564
  20180412            1.800813            0.003561
  20180413            1.813157            0.003559
  20180414            1.825494            0.003558
  20180415            1.837826            0.003556
  20180416            1.850152            0.003555
  20180417            1.862474            0.003553
  20180418            1.874793            0.003552
  20180419            1.887108            0.003552
  20180420            1.899420            0.003551
  20180421            1.911730            0.003550
  20180422            1.924038            0.003550
  20180423            1.936345            0.003549
  20180424            1.948651            0.003549
  20180425            1.960956            0.003549
  20180426            1.973261            0.003549
  20180427            1.985565            0.003549
  20180428            1.997870            0.003549
  20180429            2.010175            0.003549
  20180430            2.022481            0.003549
  20180501            2.034787            0.003550
  20180502            2.047094            0.003550
  20180503            2.059403            0.003550
  20180504            2.071712            0.003551
  20180505            2.084023            0.003551
  20180506            2.096335            0.003551
  20180507            2.108649            0.003552
  20180508            2.120964            0.003552
  20180509            2.133280            0.003553
  20180510            2.145598            0.003553
  20180511            2.157917            0.003553
  20180512            2.170238            0.003554
  20180513            2.182561            0.003554
  20180514            2.194885            0.003555
  20180515            2.207210            0.003555
  20180516            2.219537            0.003556
  20180517            2.231865            0.003556
  20180518            2.244195            0.003556
  20180519            2.256526            0.003557
  20180520            2.268857            0.003557
  20180521            2.281190            0.003557
  20180522            2.293524            0.003558
  20180523            2.305859            0.003558
  20180524            2.318194            0.003558
  20180525            2.330531            0.003558
  20180526            2.342867            0.003558
  20180527            2.355205            0.003558
  20180528            2.367542            0.003558
  20180529            2.379880            0.003558
  20180530            2.392217            0.003558
  20180531            2.404555            0.003558
  20180601            2.416892            0.003558
  20180602            2.429229            0.003558
  20180603            2.441566            0.003558
  20180604            2.453902            0.003558
  20180605            2.466237            0.003558
  20180606            2.478571            0.003557
  20180607            2.490904            0.003557
  20180608            2.503235            0.003557
  20180609            2.515565            0.003556
  20180610            2.527894            0.003556
  20180611            2.540221            0.003555
  20180612            2.552546            0.003554
  20180613            2.564868            0.003554
  20180614            2.577189            0.003553
  20180615            2.589507            0.003552
  20180616            2.601822            0.003552
  20180617            2.614135            0.003551
  20180618            2.626444            0.003550
  20180619            2.638751            0.003549
  20180620            2.651054            0.003548
  20180621            2.663354            0.003547
  20180622            2.675649            0.003546
  20180623            2.687942            0.003545
  20180624            2.700230            0.003544
  20180625            2.712513            0.003542
  20180626            2.724793            0.003541
  20180627            2.737068            0.003540
  20180628            2.749338            0.003538
  20180629            2.761603            0.003537
  20180630            2.773863            0.003535
  20180701            2.786118            0.003534
  20180702            2.798367            0.003532
  20180703            2.810611            0.003531
  20180704            2.822848            0.003529
  20180705            2.835080            0.003527
  20180706            2.847306            0.003525
  20180707            2.859525            0.003523
  20180708            2.871738            0.003521
  20180709            2.883944            0.003519
  20180710            2.896143            0.003517
  20180711            2.908335            0.003515
  20180712            2.920519            0.003513
  20180713            2.932696            0.003511
  20180714            2.944866            0.003509
  20180715            2.957028            0.003507
  20180716            2.969182            0.003504
  20180717            2.981327            0.003502
  20180718            2.993465            0.003499
  20180719            3.005594            0.003497
  20180720            3.017714            0.003494
  20180721            3.029825            0.003492
  20180722            3.041927            0.003489
  20180723            3.054021            0.003487
  20180724            3.066104            0.003484
  20180725            3.078179            0.003481
  20180726            3.090243            0.003478
  20180727            3.102298            0.003475
  20180728            3.114343            0.003473
  20180729            3.126377            0.003470
  20180730            3.138401            0.003467
  20180731            3.150415            0.003463
  20180801            3.162418            0.003460
  20180802            3.174410            0.003457
  20180803            3.186391            0.003454
  20180804            3.198360            0.003451
  20180805            3.210319            0.003447
  20180806            3.222266            0.003444
  20180807            3.234201            0.003441
  20180808            3.246125            0.003437
  20180809            3.258036            0.003434
  20180810            3.269936            0.003430
  20180811            3.281823            0.003427
  20180812            3.293698            0.003423
  20180813            3.305560            0.003419
  20180814            3.317409            0.003416
  20180815            3.329246            0.003412
  20180816            3.341069            0.003408
  20180817            3.352879            0.003404
  20180818            3.364676            0.003401
  20180819            3.376460            0.003397
  20180820            3.388230            0.003393
  20180821            3.399986            0.003389
  20180822            3.411728            0.003385
  20180823            3.423456            0.003381
  20180824            3.435170            0.003377
  20180825            3.446870            0.003372
  20180826            3.458555            0.003368
  20180827            3.470225            0.003364
  20180828            3.481881            0.003360
  20180829            3.493522            0.003355
  20180830            3.505148            0.003351
  20180831            3.516758            0.003347
  20180901            3.528354            0.003342
  20180902            3.539934            0.003338
  20180903            3.551498            0.003333
  20180904            3.563047            0.003329
  20180905            3.574580            0.003324
  20180906            3.586098            0.003320
  20180907            3.597599            0.003315
  20180908            3.609084            0.003310
  20180909            3.620552            0.003305
  20180910            3.632005            0.003301
  20180911            3.643440            0.003296
  20180912            3.654859            0.003291
  20180913            3.666262            0.003286
  20180914            3.677647            0.003281
  20180915            3.689016            0.003276
  20180916            3.700367            0.003272
  20180917            3.711701            0.003267
  20180918            3.723018            0.003262
  20180919            3.734317            0.003256
  20180920            3.745599            0.003251
  20180921            3.756863            0.003246
  20180922            3.768110            0.003241
  20180923            3.779338            0.003236
  20180924            3.790549            0.003231
  20180925            3.801741            0.003226
  20180926            3.812916            0.003220
  20180927            3.824072            0.003215
  20180928            3.835210            0.003210
  20180929            3.846329            0.003204
  20180930            3.857429            0.003199
  20181001            3.868511            0.003194
  20181002            3.879575            0.003188
  20181003            3.890619            0.003183
  20181004            3.901644            0.003177
  20181005            3.912651            0.003172
  20181006            3.923638            0.003166
  20181007            3.934606            0.003161
  20181008            3.945555            0.003155
  20181009            3.956484            0.003149
  20181010            3.967394            0.003144
  20181011            3.978285            0.003138
  20181012            3.989155            0.003133
  20181013            4.000006            0.003127
  20181014            4.010838            0.003121
  20181015            4.021649            0.003115
  20181016            4.032440            0.003110
  20181017            4.043212            0.003104
  20181018            4.053963            0.003098
  20181019            4.064694            0.003092
  20181020            4.075405            0.003086
  20181021            4.086095            0.003080
  20181022            4.096765            0.003075
  20181023            4.107415            0.003069
  20181024            4.118044            0.003063
  20181025            4.128652            0.003057
  20181026            4.139240            0.003051
  20181027            4.149807            0.003045
  20181028            4.160353            0.003039
  20181029            4.170879            0.003033
  20181030            4.181383            0.003027
  20181031            4.191867            0.003021
  20181101            4.202329            0.003015
  20181102            4.212771            0.003008
  20181103            4.223191            0.003002
  20181104            4.233590            0.002996
  20181105            4.243967            0.002990
  20181106            4.254324            0.002984
  20181107            4.264659            0.002978
  20181108            4.274972            0.002972
  20181109            4.285264            0.002965
  20181110            4.295535            0.002959
  20181111            4.305784            0.002953
  20181112            4.316011            0.002947
  20181113            4.326217            0.002940
  20181114            4.336401            0.002934
  20181115            4.346563            0.002928
  20181116            4.356703            0.002922
  20181117            4.366822            0.002915
  20181118            4.376918            0.002909
  20181119            4.386993            0.002903
  20181120            4.397046            0.002896
  20181121            4.407076            0.002890
  20181122            4.417085            0.002884
  20181123            4.427072            0.002877
  20181124            4.437036            0.002871
  20181125            4.446978            0.002864
  20181126            4.456898            0.002858
  20181127            4.466796            0.002852
  20181128            4.476672            0.002845
  20181129            4.486525            0.002839
  20181130            4.496356            0.002832
  20181201            4.506164            0.002826
  20181202            4.515950            0.002819
  20181203            4.525714            0.002813
  20181204            4.535456            0.002806
  20181205            4.545175            0.002800
  20181206            4.554871            0.002793
  20181207            4.564545            0.002787
  20181208            4.574196            0.002780
  20181209            4.583825            0.002774
  20181210            4.593431            0.002767
  20181211            4.603015            0.002761
  20181212            4.612576            0.002754
  20181213            4.622115            0.002748
  20181214            4.631630            0.002741
  20181215            4.641124            0.002735
  20181216            4.650594            0.002728
  20181217            4.660042            0.002722
  20181218            4.669467            0.002715
  20181219            4.678869            0.002709
  20181220            4.688249            0.002702
  20181221            4.697606            0.002695
  20181222            4.706940            0.002689
  20181223            4.716251            0.002682
  20181224            4.725540            0.002676
  20181225            4.734805            0.002669
  20181226            4.744048            0.002663
  20181227            4.753268            0.002656
  20181228            4.762466            0.002649
  20181229            4.771640            0.002643
  20181230            4.780792            0.002636
  20181231            4.789921            0.002630
