                 SWC             SWP_MPa
               0.001       -0.171564E+03
               0.002       -0.171564E+03
               0.003       -0.171564E+03
               0.004       -0.171564E+03
               0.005       -0.171564E+03
               0.006       -0.171564E+03
               0.007       -0.171564E+03
               0.008       -0.171564E+03
               0.009       -0.171564E+03
               0.010       -0.171564E+03
               0.011       -0.171564E+03
               0.012       -0.171564E+03
               0.013       -0.171564E+03
               0.014       -0.171564E+03
               0.015       -0.171564E+03
               0.016       -0.171564E+03
               0.017       -0.171564E+03
               0.018       -0.171564E+03
               0.019       -0.171564E+03
               0.020       -0.171564E+03
               0.021       -0.150862E+02
               0.022       -0.529479E+01
               0.023       -0.286977E+01
               0.024       -0.185829E+01
               0.025       -0.132653E+01
               0.026       -0.100716E+01
               0.027       -0.797913E+00
               0.028       -0.652136E+00
               0.029       -0.545820E+00
               0.030       -0.465485E+00
               0.031       -0.403044E+00
               0.032       -0.353377E+00
               0.033       -0.313107E+00
               0.034       -0.279922E+00
               0.035       -0.252192E+00
               0.036       -0.228740E+00
               0.037       -0.208698E+00
               0.038       -0.191409E+00
               0.039       -0.176371E+00
               0.040       -0.163196E+00
               0.041       -0.151575E+00
               0.042       -0.141263E+00
               0.043       -0.132063E+00
               0.044       -0.123814E+00
               0.045       -0.116384E+00
               0.046       -0.109662E+00
               0.047       -0.103559E+00
               0.048       -0.979976E-01
               0.049       -0.929120E-01
               0.050       -0.882475E-01
               0.051       -0.839567E-01
               0.052       -0.799990E-01
               0.053       -0.763393E-01
               0.054       -0.729469E-01
               0.055       -0.697953E-01
               0.056       -0.668612E-01
               0.057       -0.641240E-01
               0.058       -0.615658E-01
               0.059       -0.591704E-01
               0.060       -0.569238E-01
               0.061       -0.548132E-01
               0.062       -0.528273E-01
               0.063       -0.509560E-01
               0.064       -0.491903E-01
               0.065       -0.475219E-01
               0.066       -0.459435E-01
               0.067       -0.444484E-01
               0.068       -0.430304E-01
               0.069       -0.416842E-01
               0.070       -0.404047E-01
               0.071       -0.391873E-01
               0.072       -0.380278E-01
               0.073       -0.369225E-01
               0.074       -0.358678E-01
               0.075       -0.348606E-01
               0.076       -0.338978E-01
               0.077       -0.329767E-01
               0.078       -0.320948E-01
               0.079       -0.312498E-01
               0.080       -0.304396E-01
               0.081       -0.296621E-01
               0.082       -0.289155E-01
               0.083       -0.281981E-01
               0.084       -0.275083E-01
               0.085       -0.268446E-01
               0.086       -0.262056E-01
               0.087       -0.255900E-01
               0.088       -0.249966E-01
               0.089       -0.244244E-01
               0.090       -0.238722E-01
               0.091       -0.233390E-01
               0.092       -0.228240E-01
               0.093       -0.223262E-01
               0.094       -0.218448E-01
               0.095       -0.213792E-01
               0.096       -0.209284E-01
               0.097       -0.204920E-01
               0.098       -0.200691E-01
               0.099       -0.196593E-01
               0.100       -0.192620E-01
               0.101       -0.188765E-01
               0.102       -0.185025E-01
               0.103       -0.181393E-01
               0.104       -0.177867E-01
               0.105       -0.174440E-01
               0.106       -0.171110E-01
               0.107       -0.167873E-01
               0.108       -0.164723E-01
               0.109       -0.161659E-01
               0.110       -0.158677E-01
               0.111       -0.155774E-01
               0.112       -0.152946E-01
               0.113       -0.150191E-01
               0.114       -0.147506E-01
               0.115       -0.144888E-01
               0.116       -0.142336E-01
               0.117       -0.139846E-01
               0.118       -0.137417E-01
               0.119       -0.135045E-01
               0.120       -0.132730E-01
               0.121       -0.130469E-01
               0.122       -0.128261E-01
               0.123       -0.126103E-01
               0.124       -0.123994E-01
               0.125       -0.121932E-01
               0.126       -0.119916E-01
               0.127       -0.117943E-01
               0.128       -0.116014E-01
               0.129       -0.114125E-01
               0.130       -0.112277E-01
               0.131       -0.110467E-01
               0.132       -0.108695E-01
               0.133       -0.106959E-01
               0.134       -0.105258E-01
               0.135       -0.103591E-01
               0.136       -0.101957E-01
               0.137       -0.100355E-01
               0.138       -0.987836E-02
               0.139       -0.972427E-02
               0.140       -0.957309E-02
               0.141       -0.942474E-02
               0.142       -0.927914E-02
               0.143       -0.913620E-02
               0.144       -0.899586E-02
               0.145       -0.885802E-02
               0.146       -0.872264E-02
               0.147       -0.858962E-02
               0.148       -0.845891E-02
               0.149       -0.833043E-02
               0.150       -0.820414E-02
               0.151       -0.807996E-02
               0.152       -0.795784E-02
               0.153       -0.783772E-02
               0.154       -0.771955E-02
               0.155       -0.760327E-02
               0.156       -0.748883E-02
               0.157       -0.737618E-02
               0.158       -0.726527E-02
               0.159       -0.715606E-02
               0.160       -0.704850E-02
               0.161       -0.694255E-02
               0.162       -0.683817E-02
               0.163       -0.673530E-02
               0.164       -0.663391E-02
               0.165       -0.653398E-02
               0.166       -0.643544E-02
               0.167       -0.633827E-02
               0.168       -0.624244E-02
               0.169       -0.614790E-02
               0.170       -0.605462E-02
               0.171       -0.596258E-02
               0.172       -0.587173E-02
               0.173       -0.578205E-02
               0.174       -0.569350E-02
               0.175       -0.560606E-02
               0.176       -0.551970E-02
               0.177       -0.543438E-02
               0.178       -0.535008E-02
               0.179       -0.526678E-02
               0.180       -0.518444E-02
               0.181       -0.510305E-02
               0.182       -0.502257E-02
               0.183       -0.494298E-02
               0.184       -0.486425E-02
               0.185       -0.478637E-02
               0.186       -0.470930E-02
               0.187       -0.463303E-02
               0.188       -0.455753E-02
               0.189       -0.448279E-02
               0.190       -0.440877E-02
               0.191       -0.433545E-02
               0.192       -0.426283E-02
               0.193       -0.419086E-02
               0.194       -0.411954E-02
               0.195       -0.404884E-02
               0.196       -0.397875E-02
               0.197       -0.390923E-02
               0.198       -0.384028E-02
               0.199       -0.377186E-02
               0.200       -0.370398E-02
               0.201       -0.363659E-02
               0.202       -0.356968E-02
               0.203       -0.350323E-02
               0.204       -0.343723E-02
               0.205       -0.337165E-02
               0.206       -0.330646E-02
               0.207       -0.324166E-02
               0.208       -0.317722E-02
               0.209       -0.311312E-02
               0.210       -0.304934E-02
               0.211       -0.298586E-02
               0.212       -0.292264E-02
               0.213       -0.285969E-02
               0.214       -0.279695E-02
               0.215       -0.273443E-02
               0.216       -0.267209E-02
               0.217       -0.260990E-02
               0.218       -0.254783E-02
               0.219       -0.248587E-02
               0.220       -0.242398E-02
               0.221       -0.236213E-02
               0.222       -0.230029E-02
               0.223       -0.223842E-02
               0.224       -0.217649E-02
               0.225       -0.211446E-02
               0.226       -0.205228E-02
               0.227       -0.198991E-02
               0.228       -0.192730E-02
               0.229       -0.186440E-02
               0.230       -0.180115E-02
               0.231       -0.173748E-02
               0.232       -0.167331E-02
               0.233       -0.160857E-02
               0.234       -0.154315E-02
               0.235       -0.147696E-02
               0.236       -0.140986E-02
               0.237       -0.134172E-02
               0.238       -0.127235E-02
               0.239       -0.120155E-02
               0.240       -0.112908E-02
               0.241       -0.105461E-02
               0.242       -0.977738E-03
               0.243       -0.897946E-03
               0.244       -0.814521E-03
               0.245       -0.726449E-03
               0.246       -0.632195E-03
               0.247       -0.529230E-03
               0.248       -0.412734E-03
               0.249       -0.270728E-03
               0.250        0.000000E+00
               0.251        0.000000E+00
               0.252        0.000000E+00
               0.253        0.000000E+00
               0.254        0.000000E+00
               0.255        0.000000E+00
               0.256        0.000000E+00
               0.257        0.000000E+00
               0.258        0.000000E+00
               0.259        0.000000E+00
               0.260        0.000000E+00
               0.261        0.000000E+00
               0.262        0.000000E+00
               0.263        0.000000E+00
               0.264        0.000000E+00
               0.265        0.000000E+00
               0.266        0.000000E+00
               0.267        0.000000E+00
               0.268        0.000000E+00
               0.269        0.000000E+00
               0.270        0.000000E+00
               0.271        0.000000E+00
               0.272        0.000000E+00
               0.273        0.000000E+00
               0.274        0.000000E+00
               0.275        0.000000E+00
               0.276        0.000000E+00
               0.277        0.000000E+00
               0.278        0.000000E+00
               0.279        0.000000E+00
               0.280        0.000000E+00
               0.281        0.000000E+00
               0.282        0.000000E+00
               0.283        0.000000E+00
               0.284        0.000000E+00
               0.285        0.000000E+00
               0.286        0.000000E+00
               0.287        0.000000E+00
               0.288        0.000000E+00
               0.289        0.000000E+00
               0.290        0.000000E+00
               0.291        0.000000E+00
               0.292        0.000000E+00
               0.293        0.000000E+00
               0.294        0.000000E+00
               0.295        0.000000E+00
               0.296        0.000000E+00
               0.297        0.000000E+00
               0.298        0.000000E+00
               0.299        0.000000E+00
               0.300        0.000000E+00
               0.301        0.000000E+00
               0.302        0.000000E+00
               0.303        0.000000E+00
               0.304        0.000000E+00
               0.305        0.000000E+00
               0.306        0.000000E+00
               0.307        0.000000E+00
               0.308        0.000000E+00
               0.309        0.000000E+00
               0.310        0.000000E+00
               0.311        0.000000E+00
               0.312        0.000000E+00
               0.313        0.000000E+00
               0.314        0.000000E+00
               0.315        0.000000E+00
               0.316        0.000000E+00
               0.317        0.000000E+00
               0.318        0.000000E+00
               0.319        0.000000E+00
               0.320        0.000000E+00
               0.321        0.000000E+00
               0.322        0.000000E+00
               0.323        0.000000E+00
               0.324        0.000000E+00
               0.325        0.000000E+00
               0.326        0.000000E+00
               0.327        0.000000E+00
               0.328        0.000000E+00
               0.329        0.000000E+00
               0.330        0.000000E+00
               0.331        0.000000E+00
               0.332        0.000000E+00
               0.333        0.000000E+00
               0.334        0.000000E+00
               0.335        0.000000E+00
               0.336        0.000000E+00
               0.337        0.000000E+00
               0.338        0.000000E+00
               0.339        0.000000E+00
               0.340        0.000000E+00
               0.341        0.000000E+00
               0.342        0.000000E+00
               0.343        0.000000E+00
               0.344        0.000000E+00
               0.345        0.000000E+00
               0.346        0.000000E+00
               0.347        0.000000E+00
               0.348        0.000000E+00
               0.349        0.000000E+00
               0.350        0.000000E+00
               0.351        0.000000E+00
               0.352        0.000000E+00
               0.353        0.000000E+00
               0.354        0.000000E+00
               0.355        0.000000E+00
               0.356        0.000000E+00
               0.357        0.000000E+00
               0.358        0.000000E+00
               0.359        0.000000E+00
               0.360        0.000000E+00
               0.361        0.000000E+00
               0.362        0.000000E+00
               0.363        0.000000E+00
               0.364        0.000000E+00
               0.365        0.000000E+00
               0.366        0.000000E+00
               0.367        0.000000E+00
               0.368        0.000000E+00
               0.369        0.000000E+00
               0.370        0.000000E+00
               0.371        0.000000E+00
               0.372        0.000000E+00
               0.373        0.000000E+00
               0.374        0.000000E+00
               0.375        0.000000E+00
               0.376        0.000000E+00
               0.377        0.000000E+00
               0.378        0.000000E+00
               0.379        0.000000E+00
               0.380        0.000000E+00
               0.381        0.000000E+00
               0.382        0.000000E+00
               0.383        0.000000E+00
               0.384        0.000000E+00
               0.385        0.000000E+00
               0.386        0.000000E+00
               0.387        0.000000E+00
               0.388        0.000000E+00
               0.389        0.000000E+00
               0.390        0.000000E+00
               0.391        0.000000E+00
               0.392        0.000000E+00
               0.393        0.000000E+00
               0.394        0.000000E+00
               0.395        0.000000E+00
               0.396        0.000000E+00
               0.397        0.000000E+00
               0.398        0.000000E+00
               0.399        0.000000E+00
               0.400        0.000000E+00
               0.401        0.000000E+00
               0.402        0.000000E+00
               0.403        0.000000E+00
               0.404        0.000000E+00
               0.405        0.000000E+00
               0.406        0.000000E+00
               0.407        0.000000E+00
               0.408        0.000000E+00
               0.409        0.000000E+00
               0.410        0.000000E+00
               0.411        0.000000E+00
               0.412        0.000000E+00
               0.413        0.000000E+00
               0.414        0.000000E+00
               0.415        0.000000E+00
               0.416        0.000000E+00
               0.417        0.000000E+00
               0.418        0.000000E+00
               0.419        0.000000E+00
               0.420        0.000000E+00
               0.421        0.000000E+00
               0.422        0.000000E+00
               0.423        0.000000E+00
               0.424        0.000000E+00
               0.425        0.000000E+00
               0.426        0.000000E+00
               0.427        0.000000E+00
               0.428        0.000000E+00
               0.429        0.000000E+00
               0.430        0.000000E+00
               0.431        0.000000E+00
               0.432        0.000000E+00
               0.433        0.000000E+00
               0.434        0.000000E+00
               0.435        0.000000E+00
               0.436        0.000000E+00
               0.437        0.000000E+00
               0.438        0.000000E+00
               0.439        0.000000E+00
               0.440        0.000000E+00
               0.441        0.000000E+00
               0.442        0.000000E+00
               0.443        0.000000E+00
               0.444        0.000000E+00
               0.445        0.000000E+00
               0.446        0.000000E+00
               0.447        0.000000E+00
               0.448        0.000000E+00
               0.449        0.000000E+00
               0.450        0.000000E+00
               0.451        0.000000E+00
               0.452        0.000000E+00
               0.453        0.000000E+00
               0.454        0.000000E+00
               0.455        0.000000E+00
               0.456        0.000000E+00
               0.457        0.000000E+00
               0.458        0.000000E+00
               0.459        0.000000E+00
               0.460        0.000000E+00
               0.461        0.000000E+00
               0.462        0.000000E+00
               0.463        0.000000E+00
               0.464        0.000000E+00
               0.465        0.000000E+00
               0.466        0.000000E+00
               0.467        0.000000E+00
               0.468        0.000000E+00
               0.469        0.000000E+00
               0.470        0.000000E+00
               0.471        0.000000E+00
               0.472        0.000000E+00
               0.473        0.000000E+00
               0.474        0.000000E+00
               0.475        0.000000E+00
               0.476        0.000000E+00
               0.477        0.000000E+00
               0.478        0.000000E+00
               0.479        0.000000E+00
               0.480        0.000000E+00
               0.481        0.000000E+00
               0.482        0.000000E+00
               0.483        0.000000E+00
               0.484        0.000000E+00
               0.485        0.000000E+00
               0.486        0.000000E+00
               0.487        0.000000E+00
               0.488        0.000000E+00
               0.489        0.000000E+00
               0.490        0.000000E+00
               0.491        0.000000E+00
               0.492        0.000000E+00
               0.493        0.000000E+00
               0.494        0.000000E+00
               0.495        0.000000E+00
               0.496        0.000000E+00
               0.497        0.000000E+00
               0.498        0.000000E+00
               0.499        0.000000E+00
               0.500        0.000000E+00
               0.501        0.000000E+00
               0.502        0.000000E+00
               0.503        0.000000E+00
               0.504        0.000000E+00
               0.505        0.000000E+00
               0.506        0.000000E+00
               0.507        0.000000E+00
               0.508        0.000000E+00
               0.509        0.000000E+00
               0.510        0.000000E+00
               0.511        0.000000E+00
               0.512        0.000000E+00
               0.513        0.000000E+00
               0.514        0.000000E+00
               0.515        0.000000E+00
               0.516        0.000000E+00
               0.517        0.000000E+00
               0.518        0.000000E+00
               0.519        0.000000E+00
               0.520        0.000000E+00
               0.521        0.000000E+00
               0.522        0.000000E+00
               0.523        0.000000E+00
               0.524        0.000000E+00
               0.525        0.000000E+00
               0.526        0.000000E+00
               0.527        0.000000E+00
               0.528        0.000000E+00
               0.529        0.000000E+00
               0.530        0.000000E+00
               0.531        0.000000E+00
               0.532        0.000000E+00
               0.533        0.000000E+00
               0.534        0.000000E+00
               0.535        0.000000E+00
               0.536        0.000000E+00
               0.537        0.000000E+00
               0.538        0.000000E+00
               0.539        0.000000E+00
               0.540        0.000000E+00
               0.541        0.000000E+00
               0.542        0.000000E+00
               0.543        0.000000E+00
               0.544        0.000000E+00
               0.545        0.000000E+00
               0.546        0.000000E+00
               0.547        0.000000E+00
               0.548        0.000000E+00
               0.549        0.000000E+00
               0.550        0.000000E+00
               0.551        0.000000E+00
               0.552        0.000000E+00
               0.553        0.000000E+00
               0.554        0.000000E+00
               0.555        0.000000E+00
               0.556        0.000000E+00
               0.557        0.000000E+00
               0.558        0.000000E+00
               0.559        0.000000E+00
               0.560        0.000000E+00
               0.561        0.000000E+00
               0.562        0.000000E+00
               0.563        0.000000E+00
               0.564        0.000000E+00
               0.565        0.000000E+00
               0.566        0.000000E+00
               0.567        0.000000E+00
               0.568        0.000000E+00
               0.569        0.000000E+00
               0.570        0.000000E+00
               0.571        0.000000E+00
               0.572        0.000000E+00
               0.573        0.000000E+00
               0.574        0.000000E+00
               0.575        0.000000E+00
               0.576        0.000000E+00
               0.577        0.000000E+00
               0.578        0.000000E+00
               0.579        0.000000E+00
               0.580        0.000000E+00
               0.581        0.000000E+00
               0.582        0.000000E+00
               0.583        0.000000E+00
               0.584        0.000000E+00
               0.585        0.000000E+00
               0.586        0.000000E+00
               0.587        0.000000E+00
               0.588        0.000000E+00
               0.589        0.000000E+00
               0.590        0.000000E+00
               0.591        0.000000E+00
               0.592        0.000000E+00
               0.593        0.000000E+00
               0.594        0.000000E+00
               0.595        0.000000E+00
               0.596        0.000000E+00
               0.597        0.000000E+00
               0.598        0.000000E+00
               0.599        0.000000E+00
               0.600        0.000000E+00
               0.601        0.000000E+00
               0.602        0.000000E+00
               0.603        0.000000E+00
               0.604        0.000000E+00
               0.605        0.000000E+00
               0.606        0.000000E+00
               0.607        0.000000E+00
               0.608        0.000000E+00
               0.609        0.000000E+00
               0.610        0.000000E+00
               0.611        0.000000E+00
               0.612        0.000000E+00
               0.613        0.000000E+00
               0.614        0.000000E+00
               0.615        0.000000E+00
               0.616        0.000000E+00
               0.617        0.000000E+00
               0.618        0.000000E+00
               0.619        0.000000E+00
               0.620        0.000000E+00
               0.621        0.000000E+00
               0.622        0.000000E+00
               0.623        0.000000E+00
               0.624        0.000000E+00
               0.625        0.000000E+00
               0.626        0.000000E+00
               0.627        0.000000E+00
               0.628        0.000000E+00
               0.629        0.000000E+00
               0.630        0.000000E+00
               0.631        0.000000E+00
               0.632        0.000000E+00
               0.633        0.000000E+00
               0.634        0.000000E+00
               0.635        0.000000E+00
               0.636        0.000000E+00
               0.637        0.000000E+00
               0.638        0.000000E+00
               0.639        0.000000E+00
               0.640        0.000000E+00
               0.641        0.000000E+00
               0.642        0.000000E+00
               0.643        0.000000E+00
               0.644        0.000000E+00
               0.645        0.000000E+00
               0.646        0.000000E+00
               0.647        0.000000E+00
               0.648        0.000000E+00
               0.649        0.000000E+00
               0.650        0.000000E+00
               0.651        0.000000E+00
               0.652        0.000000E+00
               0.653        0.000000E+00
               0.654        0.000000E+00
               0.655        0.000000E+00
               0.656        0.000000E+00
               0.657        0.000000E+00
               0.658        0.000000E+00
               0.659        0.000000E+00
               0.660        0.000000E+00
               0.661        0.000000E+00
               0.662        0.000000E+00
               0.663        0.000000E+00
               0.664        0.000000E+00
               0.665        0.000000E+00
               0.666        0.000000E+00
               0.667        0.000000E+00
               0.668        0.000000E+00
               0.669        0.000000E+00
               0.670        0.000000E+00
               0.671        0.000000E+00
               0.672        0.000000E+00
               0.673        0.000000E+00
               0.674        0.000000E+00
               0.675        0.000000E+00
               0.676        0.000000E+00
               0.677        0.000000E+00
               0.678        0.000000E+00
               0.679        0.000000E+00
               0.680        0.000000E+00
               0.681        0.000000E+00
               0.682        0.000000E+00
               0.683        0.000000E+00
               0.684        0.000000E+00
               0.685        0.000000E+00
               0.686        0.000000E+00
               0.687        0.000000E+00
               0.688        0.000000E+00
               0.689        0.000000E+00
               0.690        0.000000E+00
               0.691        0.000000E+00
               0.692        0.000000E+00
               0.693        0.000000E+00
               0.694        0.000000E+00
               0.695        0.000000E+00
               0.696        0.000000E+00
               0.697        0.000000E+00
               0.698        0.000000E+00
               0.699        0.000000E+00
               0.700        0.000000E+00
               0.701        0.000000E+00
               0.702        0.000000E+00
               0.703        0.000000E+00
               0.704        0.000000E+00
               0.705        0.000000E+00
               0.706        0.000000E+00
               0.707        0.000000E+00
               0.708        0.000000E+00
               0.709        0.000000E+00
               0.710        0.000000E+00
               0.711        0.000000E+00
               0.712        0.000000E+00
               0.713        0.000000E+00
               0.714        0.000000E+00
               0.715        0.000000E+00
               0.716        0.000000E+00
               0.717        0.000000E+00
               0.718        0.000000E+00
               0.719        0.000000E+00
               0.720        0.000000E+00
               0.721        0.000000E+00
               0.722        0.000000E+00
               0.723        0.000000E+00
               0.724        0.000000E+00
               0.725        0.000000E+00
               0.726        0.000000E+00
               0.727        0.000000E+00
               0.728        0.000000E+00
               0.729        0.000000E+00
               0.730        0.000000E+00
               0.731        0.000000E+00
               0.732        0.000000E+00
               0.733        0.000000E+00
               0.734        0.000000E+00
               0.735        0.000000E+00
               0.736        0.000000E+00
               0.737        0.000000E+00
               0.738        0.000000E+00
               0.739        0.000000E+00
               0.740        0.000000E+00
               0.741        0.000000E+00
               0.742        0.000000E+00
               0.743        0.000000E+00
               0.744        0.000000E+00
               0.745        0.000000E+00
               0.746        0.000000E+00
               0.747        0.000000E+00
               0.748        0.000000E+00
               0.749        0.000000E+00
               0.750        0.000000E+00
               0.751        0.000000E+00
               0.752        0.000000E+00
               0.753        0.000000E+00
               0.754        0.000000E+00
               0.755        0.000000E+00
               0.756        0.000000E+00
               0.757        0.000000E+00
               0.758        0.000000E+00
               0.759        0.000000E+00
               0.760        0.000000E+00
               0.761        0.000000E+00
               0.762        0.000000E+00
               0.763        0.000000E+00
               0.764        0.000000E+00
               0.765        0.000000E+00
               0.766        0.000000E+00
               0.767        0.000000E+00
               0.768        0.000000E+00
               0.769        0.000000E+00
               0.770        0.000000E+00
               0.771        0.000000E+00
               0.772        0.000000E+00
               0.773        0.000000E+00
               0.774        0.000000E+00
               0.775        0.000000E+00
               0.776        0.000000E+00
               0.777        0.000000E+00
               0.778        0.000000E+00
               0.779        0.000000E+00
               0.780        0.000000E+00
               0.781        0.000000E+00
               0.782        0.000000E+00
               0.783        0.000000E+00
               0.784        0.000000E+00
               0.785        0.000000E+00
               0.786        0.000000E+00
               0.787        0.000000E+00
               0.788        0.000000E+00
               0.789        0.000000E+00
               0.790        0.000000E+00
               0.791        0.000000E+00
               0.792        0.000000E+00
               0.793        0.000000E+00
               0.794        0.000000E+00
               0.795        0.000000E+00
               0.796        0.000000E+00
               0.797        0.000000E+00
               0.798        0.000000E+00
               0.799        0.000000E+00
               0.800        0.000000E+00
