 Simulation_Period = 20090901 -- 20170831
       Mon                         AVG & STDDEV for VAR[1:n]
    200909            0.000134            0.000082            0.014150            0.001080            0.320553            0.078300            0.000051            0.000000            0.000048            0.000001
    200910            0.000046            0.000011            0.011815            0.000345            0.119203            0.026940            0.000050            0.000001            0.000045            0.000001
    200911            0.000032            0.000008            0.012705            0.000718            0.160805            0.055766            0.000047            0.000001            0.000041            0.000001
    200912            0.000002            0.000003            0.010775            0.000128            0.005476            0.009272            0.000044            0.000001            0.000038            0.000001
    201001            0.000000            0.000000            0.010600            0.000033            0.000015            0.000007            0.000041            0.000001            0.000035            0.000001
    201002            0.000000            0.000000            0.010493            0.000026            0.000902            0.001320            0.000037            0.000001            0.000032            0.000001
    201003            0.000043            0.000020            0.014211            0.002842            0.246097            0.159036            0.000035            0.000000            0.000030            0.000001
    201004            0.000094            0.000025            0.018225            0.000227            0.461020            0.010934            0.000039            0.000001            0.000028            0.000000
    201005            0.000134            0.000020            0.017509            0.000365            0.432940            0.016273            0.000044            0.000001            0.000027            0.000000
    201006            0.000126            0.000014            0.016202            0.000304            0.376716            0.014411            0.000047            0.000001            0.000027            0.000000
    201007            0.000122            0.000013            0.016084            0.000214            0.324478            0.022573            0.000050            0.000000            0.000027            0.000000
    201008            0.000095            0.000020            0.017129            0.000636            0.258183            0.021873            0.000051            0.000000            0.000027            0.000000
    201009            0.000088            0.000006            0.019342            0.000278            0.329203            0.018706            0.000052            0.000001            0.000027            0.000000
    201010            0.000078            0.000015            0.017313            0.002069            0.238700            0.103850            0.000053            0.000000            0.000027            0.000000
    201011            0.000045            0.000006            0.015737            0.000313            0.143598            0.022107            0.000050            0.000001            0.000026            0.000000
    201012            0.000010            0.000011            0.013918            0.000445            0.023184            0.028611            0.000047            0.000001            0.000024            0.000001
    201101            0.000000            0.000000            0.013449            0.000043            0.000049            0.000071            0.000043            0.000001            0.000022            0.000001
    201102            0.000023            0.000035            0.013862            0.000984            0.037366            0.064042            0.000040            0.000001            0.000021            0.000000
    201103            0.000061            0.000025            0.015058            0.001033            0.102911            0.064227            0.000038            0.000001            0.000019            0.000000
    201104            0.000074            0.000010            0.018452            0.002199            0.261961            0.105650            0.000037            0.000001            0.000019            0.000000
    201105            0.000111            0.000016            0.019570            0.000815            0.365216            0.020529            0.000040            0.000001            0.000020            0.000000
    201106            0.000099            0.000016            0.017258            0.000433            0.288014            0.016116            0.000043            0.000001            0.000021            0.000000
    201107            0.000047            0.000018            0.014398            0.000996            0.087734            0.077783            0.000044            0.000001            0.000021            0.000000
    201108            0.000040            0.000005            0.014243            0.000202            0.039219            0.004075            0.000041            0.000001            0.000020            0.000000
    201109            0.000049            0.000007            0.014918            0.000129            0.049905            0.004817            0.000038            0.000001            0.000018            0.000000
    201110            0.000048            0.000007            0.015586            0.000547            0.070947            0.028787            0.000036            0.000001            0.000017            0.000000
    201111            0.000046            0.000003            0.019185            0.000987            0.235626            0.038882            0.000035            0.000000            0.000017            0.000000
    201112            0.000025            0.000012            0.016547            0.001235            0.092148            0.067501            0.000034            0.000001            0.000017            0.000000
    201201            0.000001            0.000001            0.014901            0.000081            0.002095            0.002547            0.000032            0.000001            0.000015            0.000000
    201202            0.000027            0.000028            0.016024            0.001737            0.076578            0.094648            0.000029            0.000001            0.000014            0.000000
    201203            0.000078            0.000012            0.022283            0.000485            0.362392            0.017050            0.000031            0.000001            0.000015            0.000000
    201204            0.000098            0.000015            0.021046            0.000332            0.349392            0.009323            0.000035            0.000001            0.000016            0.000000
    201205            0.000056            0.000012            0.017701            0.001301            0.198241            0.077174            0.000037            0.000000            0.000017            0.000000
    201206            0.000067            0.000013            0.015938            0.000378            0.068538            0.011360            0.000036            0.000001            0.000017            0.000000
    201207            0.000061            0.000016            0.016587            0.000332            0.058428            0.012357            0.000034            0.000001            0.000016            0.000000
    201208            0.000052            0.000003            0.017202            0.000198            0.045125            0.002398            0.000032            0.000001            0.000015            0.000000
    201209            0.000058            0.000003            0.018229            0.000391            0.067532            0.012095            0.000031            0.000000            0.000015            0.000000
    201210            0.000041            0.000007            0.018339            0.000108            0.048593            0.009077            0.000029            0.000001            0.000014            0.000000
    201211            0.000015            0.000009            0.017802            0.000172            0.015307            0.008139            0.000027            0.000001            0.000013            0.000000
    201212            0.000005            0.000002            0.017480            0.000064            0.005891            0.001223            0.000025            0.000001            0.000012            0.000000
    201301            0.000001            0.000000            0.017197            0.000064            0.000563            0.000580            0.000023            0.000001            0.000011            0.000000
    201302            0.000005            0.000006            0.017105            0.000115            0.006774            0.009594            0.000021            0.000000            0.000010            0.000000
    201303            0.000072            0.000015            0.022766            0.002392            0.254102            0.089540            0.000021            0.000001            0.000010            0.000000
    201304            0.000061            0.000008            0.024433            0.000151            0.331429            0.009977            0.000025            0.000001            0.000012            0.000001
    201305            0.000099            0.000008            0.023176            0.000899            0.368876            0.007666            0.000029            0.000001            0.000014            0.000001
    201306            0.000147            0.000010            0.019674            0.001126            0.383608            0.004191            0.000034            0.000001            0.000017            0.000001
    201307            0.000117            0.000016            0.016775            0.000467            0.402124            0.012126            0.000037            0.000001            0.000019            0.000001
    201308            0.000126            0.000012            0.015594            0.000338            0.436086            0.012545            0.000040            0.000001            0.000021            0.000001
    201309            0.000087            0.000004            0.014446            0.000157            0.414963            0.006912            0.000042            0.000001            0.000023            0.000000
    201310            0.000069            0.000015            0.012242            0.001606            0.243760            0.117672            0.000043            0.000000            0.000024            0.000000
    201311            0.000052            0.000002            0.013525            0.001667            0.286285            0.086693            0.000041            0.000000            0.000023            0.000000
    201312            0.000046            0.000013            0.013538            0.001867            0.254463            0.114933            0.000041            0.000000            0.000023            0.000000
    201401            0.000003            0.000004            0.010085            0.000166            0.011251            0.013330            0.000038            0.000001            0.000021            0.000001
    201402            0.000007            0.000009            0.010009            0.000197            0.015414            0.021754            0.000035            0.000001            0.000019            0.000000
    201403            0.000086            0.000017            0.014413            0.001420            0.298956            0.069389            0.000034            0.000000            0.000019            0.000000
    201404            0.000073            0.000010            0.017445            0.000553            0.402214            0.019520            0.000035            0.000001            0.000019            0.000000
    201405            0.000101            0.000004            0.017700            0.000447            0.412863            0.016117            0.000039            0.000001            0.000020            0.000000
    201406            0.000130            0.000022            0.016577            0.000104            0.365979            0.007904            0.000042            0.000001            0.000021            0.000000
    201407            0.000122            0.000028            0.014939            0.000994            0.194696            0.086467            0.000043            0.000000            0.000022            0.000000
    201408            0.000084            0.000013            0.014642            0.000117            0.094118            0.013929            0.000041            0.000001            0.000021            0.000000
    201409            0.000062            0.000003            0.016849            0.001468            0.164594            0.064181            0.000039            0.000000            0.000020            0.000000
    201410            0.000060            0.000007            0.017111            0.000831            0.136665            0.050621            0.000039            0.000000            0.000020            0.000000
    201411            0.000040            0.000003            0.018304            0.000963            0.177297            0.041975            0.000037            0.000000            0.000019            0.000000
    201412            0.000036            0.000010            0.018041            0.001443            0.150044            0.073851            0.000037            0.000000            0.000019            0.000000
    201501            0.000003            0.000003            0.015336            0.000147            0.005988            0.006688            0.000034            0.000001            0.000018            0.000000
    201502            0.000005            0.000006            0.015192            0.000100            0.008466            0.009506            0.000031            0.000001            0.000016            0.000000
    201503            0.000089            0.000022            0.019535            0.001696            0.218187            0.067719            0.000030            0.000000            0.000016            0.000000
    201504            0.000098            0.000021            0.022654            0.000564            0.313582            0.019418            0.000033            0.000001            0.000016            0.000000
    201505            0.000148            0.000011            0.022560            0.000558            0.332124            0.008200            0.000037            0.000001            0.000018            0.000001
    201506            0.000138            0.000016            0.020495            0.000455            0.293910            0.019873            0.000040            0.000001            0.000020            0.000000
    201507            0.000127            0.000021            0.019602            0.000901            0.183568            0.048034            0.000041            0.000000            0.000021            0.000000
    201508            0.000125            0.000011            0.022995            0.000433            0.259790            0.011162            0.000042            0.000001            0.000021            0.000000
    201509            0.000141            0.000023            0.023495            0.000205            0.307552            0.026890            0.000044            0.000001            0.000023            0.000001
    201510            0.000080            0.000010            0.022443            0.000340            0.346073            0.005485            0.000047            0.000001            0.000025            0.000000
    201511            0.000061            0.000005            0.022758            0.000624            0.378050            0.024381            0.000048            0.000000            0.000026            0.000000
    201512            0.000059            0.000001            0.023302            0.000178            0.428946            0.013313            0.000050            0.000001            0.000027            0.000000
    201601            0.000057            0.000001            0.022888            0.000482            0.447608            0.007355            0.000052            0.000001            0.000028            0.000000
    201602            0.000054            0.000002            0.020870            0.000663            0.402442            0.019194            0.000054            0.000000            0.000028            0.000000
    201603            0.000053            0.000005            0.016815            0.001728            0.223808            0.089994            0.000054            0.000001            0.000028            0.000000
    201604            0.000085            0.000031            0.019523            0.001396            0.335205            0.061751            0.000053            0.000001            0.000027            0.000000
    201605            0.000161            0.000007            0.019416            0.000809            0.420833            0.009899            0.000056            0.000001            0.000028            0.000000
    201606            0.000153            0.000011            0.016505            0.000783            0.426708            0.005216            0.000058            0.000001            0.000028            0.000000
    201607            0.000154            0.000009            0.014410            0.000535            0.451921            0.008670            0.000060            0.000000            0.000029            0.000000
    201608            0.000119            0.000020            0.013026            0.000301            0.489639            0.012258            0.000062            0.000000            0.000030            0.000000
    201609            0.000118            0.000023            0.012506            0.000154            0.546157            0.023265            0.000063            0.000000            0.000031            0.000000
    201610            0.000090            0.000004            0.011583            0.000905            0.551315            0.052896            0.000064            0.000000            0.000031            0.000000
    201611            0.000058            0.000004            0.012433            0.001842            0.537219            0.078483            0.000063            0.000000            0.000031            0.000000
    201612            0.000056            0.000023            0.011494            0.003499            0.440233            0.223484            0.000063            0.000001            0.000031            0.000000
    201701            0.000002            0.000002            0.005933            0.000069            0.006800            0.009013            0.000059            0.000001            0.000029            0.000001
    201702            0.000000            0.000000            0.005835            0.000017            0.000389            0.000072            0.000055            0.000001            0.000026            0.000001
    201703            0.000001            0.000001            0.005786            0.000010            0.002083            0.002391            0.000050            0.000001            0.000024            0.000001
    201704            0.000117            0.000105            0.007458            0.001718            0.185914            0.154812            0.000046            0.000001            0.000022            0.000000
    201705            0.000165            0.000032            0.009815            0.000128            0.274062            0.055268            0.000045            0.000000            0.000022            0.000000
    201706            0.000113            0.000015            0.010177            0.000483            0.168113            0.012846            0.000044            0.000001            0.000021            0.000000
    201707            0.000120            0.000014            0.011686            0.000225            0.159821            0.018080            0.000042            0.000000            0.000020            0.000000
    201708            0.000099            0.000010            0.012906            0.001194            0.150696            0.056746            0.000040            0.000001            0.000019            0.000000
