          SHUFFLED COMPLEX EVOLUTION GLOBAL OPTIMIZATION
          ==============================================

 MODEL CALIBRATION VARIABLES & DATA-FILE (see MEND_namelist.nml):
VARid     VAR       Units     Calibrate tstep     obs_file            obs_file_column     OBJ       OBJ_Weight
------------------------------------------------------------------------------------------------------------------------
    1     CO2       mgC-cm3-h     1         1     HR.obs                  2                NSEC       10.
    3     MBC       mgC-cm3       1         5     MBC.obs                 2                MARt        2.
    5     rMBA      ActiveMBC/    1         2     rMBA.obs                2                MARE        2.
   17     ENZC_LIG  mgC-cm3       1         2     ENZC_LIG.obs            2                MARE        2.
   18     ENZC_CEL  mgC-cm3       1         2     ENZC_CEL.obs            2                MARE        2.


  SCE CONTROL     MAX TRIALS     REQUIRED IMPROVEMENT     RANDOM
   PARAMETER        ALLOWED      PERCENT    NO. LOOPS      SEED
  -----------     ----------     -------    ---------     ------
   USER SPEC.       10000         0.01         10             0


                  SCE ALGORITHM CONTROL PARAMETERS
                  ================================

  NUMBER OF     POINTS PER     POINTS IN      POINTS PER    EVOL. STEPS
  COMPLEXES      COMPLEX      INI. POPUL.     SUB-COMPLX    PER COMPLEX
  ---------     ----------    -----------     ----------    -----------
      2             13             26              7             13


               COMPLX NO.     MIN COMPLEX     INI. POINT
               REDUCTION      NO. ALLOWED      INCLUDED
               ----------     -----------     ----------
                  NO               2             YES 


        INITIAL PARAMETER VALUES AND PARAMETER BOUNDS
        =============================================

  PARAMETER      OPT-Y/N  INITIAL VALUE     LOWER BOUND     UPPER BOUND
-----------   ----------  -------------     -----------     -----------
       LF0             0       0.900000        0.100000        1.000000
        r0             0       0.200000        0.010000        1.000000
      fINP             0       0.440000        0.100000        1.000000
        VP             1      75.000000        1.000000      100.000000
      PAR1             0       2.000000        0.100000       50.000000
       KP1             0     100.000000       10.000000      100.000000
       fKM             0       6.000000        1.000000       40.000000
      PAR3             0     492.000000      100.000000     1000.000000
      Qmax             0       2.500000        0.100000        3.000000
       Kba             0       6.000000        1.000000       16.000000
      Kdes             0       0.006000        0.000100        0.010000
        rE             0       0.000117        0.000100        0.010000
       pEP             0       0.001122        0.001000        0.100000
      fpEM             0       2.967556        0.100000        3.000000
        fD             1       0.898618        0.100000        0.900000
        gD             0       0.999207        0.100000        1.000000
        Vg             0       0.028519        0.001000        0.100000
     alpha             0       0.049985        0.010000        0.500000
        KD             0       0.000562        0.000100        0.500000
        Yg             0       0.266474        0.100000        0.600000
      Ygsl             0       0.001015        0.001000        0.016000
       Q10             1       1.393881        1.200000        2.500000
     gamma             0      14.443991        0.010000       20.000000
      beta             0       0.009729        0.000500        0.010000
     WPA2D             0       0.033479        0.010000        0.600000
       tau             0       0.250000        0.100000        0.950000
     wdorm             0       4.000000        1.000000        6.000000
   VNup_MB             0       0.049992        0.001000        0.050000
  KsNH4_MB             0       0.000100        0.000100        0.100000
  KsNO3_MB             0       0.000100        0.000100        0.100000
      Vnit             0       0.026519        0.001000        0.100000
    Vdenit             0       0.026147        0.001000        0.500000
      PAR4             0       1.000000        0.000000        1.000000
